Started GET "/" for ::1 at 2020-01-15 12:12:29 +0700
  
PG::ConnectionBad (fe_sendauth: no password supplied
):
  
pg (1.1.4) lib/pg.rb:56:in `initialize'
pg (1.1.4) lib/pg.rb:56:in `new'
pg (1.1.4) lib/pg.rb:56:in `connect'
activerecord (5.2.2) lib/active_record/connection_adapters/postgresql_adapter.rb:692:in `connect'
activerecord (5.2.2) lib/active_record/connection_adapters/postgresql_adapter.rb:223:in `initialize'
activerecord (5.2.2) lib/active_record/connection_adapters/postgresql_adapter.rb:48:in `new'
activerecord (5.2.2) lib/active_record/connection_adapters/postgresql_adapter.rb:48:in `postgresql_connection'
activerecord (5.2.2) lib/active_record/connection_adapters/abstract/connection_pool.rb:811:in `new_connection'
activerecord (5.2.2) lib/active_record/connection_adapters/abstract/connection_pool.rb:855:in `checkout_new_connection'
activerecord (5.2.2) lib/active_record/connection_adapters/abstract/connection_pool.rb:834:in `try_to_checkout_new_connection'
activerecord (5.2.2) lib/active_record/connection_adapters/abstract/connection_pool.rb:795:in `acquire_connection'
activerecord (5.2.2) lib/active_record/connection_adapters/abstract/connection_pool.rb:523:in `checkout'
activerecord (5.2.2) lib/active_record/connection_adapters/abstract/connection_pool.rb:382:in `connection'
activerecord (5.2.2) lib/active_record/connection_adapters/abstract/connection_pool.rb:1010:in `retrieve_connection'
activerecord (5.2.2) lib/active_record/connection_handling.rb:118:in `retrieve_connection'
activerecord (5.2.2) lib/active_record/connection_handling.rb:90:in `connection'
activerecord (5.2.2) lib/active_record/migration.rb:554:in `call'
actionpack (5.2.2) lib/action_dispatch/middleware/callbacks.rb:28:in `block in call'
activesupport (5.2.2) lib/active_support/callbacks.rb:98:in `run_callbacks'
actionpack (5.2.2) lib/action_dispatch/middleware/callbacks.rb:26:in `call'
actionpack (5.2.2) lib/action_dispatch/middleware/executor.rb:14:in `call'
actionpack (5.2.2) lib/action_dispatch/middleware/debug_exceptions.rb:61:in `call'
web-console (3.7.0) lib/web_console/middleware.rb:135:in `call_app'
web-console (3.7.0) lib/web_console/middleware.rb:30:in `block in call'
web-console (3.7.0) lib/web_console/middleware.rb:20:in `catch'
web-console (3.7.0) lib/web_console/middleware.rb:20:in `call'
actionpack (5.2.2) lib/action_dispatch/middleware/show_exceptions.rb:33:in `call'
railties (5.2.2) lib/rails/rack/logger.rb:38:in `call_app'
railties (5.2.2) lib/rails/rack/logger.rb:26:in `block in call'
activesupport (5.2.2) lib/active_support/tagged_logging.rb:71:in `block in tagged'
activesupport (5.2.2) lib/active_support/tagged_logging.rb:28:in `tagged'
activesupport (5.2.2) lib/active_support/tagged_logging.rb:71:in `tagged'
railties (5.2.2) lib/rails/rack/logger.rb:26:in `call'
sprockets-rails (3.2.1) lib/sprockets/rails/quiet_assets.rb:13:in `call'
actionpack (5.2.2) lib/action_dispatch/middleware/remote_ip.rb:81:in `call'
actionpack (5.2.2) lib/action_dispatch/middleware/request_id.rb:27:in `call'
rack (2.0.6) lib/rack/method_override.rb:22:in `call'
rack (2.0.6) lib/rack/runtime.rb:22:in `call'
activesupport (5.2.2) lib/active_support/cache/strategy/local_cache_middleware.rb:29:in `call'
actionpack (5.2.2) lib/action_dispatch/middleware/executor.rb:14:in `call'
actionpack (5.2.2) lib/action_dispatch/middleware/static.rb:127:in `call'
rack (2.0.6) lib/rack/sendfile.rb:111:in `call'
railties (5.2.2) lib/rails/engine.rb:524:in `call'
puma (3.12.2) lib/puma/configuration.rb:227:in `call'
puma (3.12.2) lib/puma/server.rb:674:in `handle_request'
puma (3.12.2) lib/puma/server.rb:476:in `process_client'
puma (3.12.2) lib/puma/server.rb:334:in `block in run'
puma (3.12.2) lib/puma/thread_pool.rb:135:in `block in spawn_thread'
  [1m[35m (234.1ms)[0m  [1m[35mCREATE DATABASE "stackrails_dev" ENCODING = 'unicode'[0m
  ↳ bin/rails:9
Started GET "/" for ::1 at 2020-01-15 17:56:42 +0700
Processing by StackController#index as HTML
  Rendering stack/index.html.erb within layouts/application
  Rendered stack/index.html.erb within layouts/application (1.1ms)
Completed 500 Internal Server Error in 267ms (ActiveRecord: 0.0ms)


  
ActionView::Template::Error (File to import not found or unreadable: bootstrap/scss/functions.
Load paths:
  /home/wg-04/.gem/ruby/2.5.1/gems/babel-source-5.8.35/lib
  /home/wg-04/Workspace/stack-rails-admin-theme/app/assets/config
  /home/wg-04/Workspace/stack-rails-admin-theme/app/assets/images
  /home/wg-04/Workspace/stack-rails-admin-theme/app/assets/javascripts
  /home/wg-04/Workspace/stack-rails-admin-theme/app/assets/stylesheets
  /home/wg-04/.gem/ruby/2.5.1/gems/coffee-rails-4.2.2/lib/assets/javascripts
  /home/wg-04/.gem/ruby/2.5.1/gems/actioncable-5.2.2/lib/assets/compiled
  /home/wg-04/.gem/ruby/2.5.1/gems/activestorage-5.2.2/app/assets/javascripts
  /home/wg-04/.gem/ruby/2.5.1/gems/actionview-5.2.2/lib/assets/compiled
  /home/wg-04/.gem/ruby/2.5.1/gems/turbolinks-source-5.2.0/lib/assets/javascripts
  /home/wg-04/Workspace/stack-rails-admin-theme/node_modules):
     7:     <meta name="viewport" content="width=device-width, initial-scale=1, shrink-to-fit=no">
     8:     <%= csrf_meta_tags %>
     9: 
    10:     <%= stylesheet_link_tag    'application', media: 'all', 'data-turbolinks-track': 'reload' %>
    11:   </head>
    12: 
    13:   <body class="<%= @body_class || 'layout-default' %>">
  
app/assets/stylesheets/_variables.scss:182
app/assets/stylesheets/application.scss:3
app/views/layouts/application.html.erb:10:in `_app_views_layouts_application_html_erb__3240393028671941434_47037087927300'
Started GET "/" for ::1 at 2020-01-15 17:59:31 +0700
Processing by StackController#index as HTML
  Rendering stack/index.html.erb within layouts/application
  Rendered stack/index.html.erb within layouts/application (0.6ms)
Completed 500 Internal Server Error in 37ms (ActiveRecord: 0.0ms)


  
ActionView::Template::Error (File to import not found or unreadable: bootstrap/scss/functions.
Load paths:
  /home/wg-04/.gem/ruby/2.5.1/gems/babel-source-5.8.35/lib
  /home/wg-04/Workspace/stack-rails-admin-theme/app/assets/config
  /home/wg-04/Workspace/stack-rails-admin-theme/app/assets/images
  /home/wg-04/Workspace/stack-rails-admin-theme/app/assets/javascripts
  /home/wg-04/Workspace/stack-rails-admin-theme/app/assets/stylesheets
  /home/wg-04/.gem/ruby/2.5.1/gems/coffee-rails-4.2.2/lib/assets/javascripts
  /home/wg-04/.gem/ruby/2.5.1/gems/actioncable-5.2.2/lib/assets/compiled
  /home/wg-04/.gem/ruby/2.5.1/gems/activestorage-5.2.2/app/assets/javascripts
  /home/wg-04/.gem/ruby/2.5.1/gems/actionview-5.2.2/lib/assets/compiled
  /home/wg-04/.gem/ruby/2.5.1/gems/turbolinks-source-5.2.0/lib/assets/javascripts
  /home/wg-04/Workspace/stack-rails-admin-theme/node_modules):
     7:     <meta name="viewport" content="width=device-width, initial-scale=1, shrink-to-fit=no">
     8:     <%= csrf_meta_tags %>
     9: 
    10:     <%= stylesheet_link_tag    'application', media: 'all', 'data-turbolinks-track': 'reload' %>
    11:   </head>
    12: 
    13:   <body class="<%= @body_class || 'layout-default' %>">
  
app/assets/stylesheets/_variables.scss:182
app/assets/stylesheets/application.scss:3
app/views/layouts/application.html.erb:10:in `_app_views_layouts_application_html_erb__3240393028671941434_70214068890600'
Started POST "/__web_console/repl_sessions/b0f5ca5c01211041e2127edd1b6ab6ac/trace" for ::1 at 2020-01-15 17:59:50 +0700
Started POST "/__web_console/repl_sessions/b0f5ca5c01211041e2127edd1b6ab6ac/trace" for ::1 at 2020-01-15 17:59:51 +0700
Started POST "/__web_console/repl_sessions/b0f5ca5c01211041e2127edd1b6ab6ac/trace" for ::1 at 2020-01-15 17:59:53 +0700
Started GET "/" for ::1 at 2020-01-15 18:00:10 +0700
Processing by StackController#index as HTML
  Rendering stack/index.html.erb within layouts/application
  Rendered stack/index.html.erb within layouts/application (0.4ms)
Completed 500 Internal Server Error in 106ms (ActiveRecord: 0.0ms)


  
ActionView::Template::Error (File to import not found or unreadable: node_modules/bootstrap/scss/functions.
Load paths:
  /home/wg-04/.gem/ruby/2.5.1/gems/babel-source-5.8.35/lib
  /home/wg-04/Workspace/stack-rails-admin-theme/app/assets/config
  /home/wg-04/Workspace/stack-rails-admin-theme/app/assets/images
  /home/wg-04/Workspace/stack-rails-admin-theme/app/assets/javascripts
  /home/wg-04/Workspace/stack-rails-admin-theme/app/assets/stylesheets
  /home/wg-04/.gem/ruby/2.5.1/gems/coffee-rails-4.2.2/lib/assets/javascripts
  /home/wg-04/.gem/ruby/2.5.1/gems/actioncable-5.2.2/lib/assets/compiled
  /home/wg-04/.gem/ruby/2.5.1/gems/activestorage-5.2.2/app/assets/javascripts
  /home/wg-04/.gem/ruby/2.5.1/gems/actionview-5.2.2/lib/assets/compiled
  /home/wg-04/.gem/ruby/2.5.1/gems/turbolinks-source-5.2.0/lib/assets/javascripts
  /home/wg-04/Workspace/stack-rails-admin-theme/node_modules):
     7:     <meta name="viewport" content="width=device-width, initial-scale=1, shrink-to-fit=no">
     8:     <%= csrf_meta_tags %>
     9: 
    10:     <%= stylesheet_link_tag    'application', media: 'all', 'data-turbolinks-track': 'reload' %>
    11:   </head>
    12: 
    13:   <body class="<%= @body_class || 'layout-default' %>">
  
app/assets/stylesheets/_variables.scss:182
app/assets/stylesheets/application.scss:3
app/views/layouts/application.html.erb:10:in `_app_views_layouts_application_html_erb__3240393028671941434_70214083663060'
Started GET "/" for ::1 at 2020-01-15 18:00:12 +0700
Processing by StackController#index as HTML
  Rendering stack/index.html.erb within layouts/application
  Rendered stack/index.html.erb within layouts/application (0.4ms)
Completed 500 Internal Server Error in 22ms (ActiveRecord: 0.0ms)


  
ActionView::Template::Error (File to import not found or unreadable: node_modules/bootstrap/scss/functions.
Load paths:
  /home/wg-04/.gem/ruby/2.5.1/gems/babel-source-5.8.35/lib
  /home/wg-04/Workspace/stack-rails-admin-theme/app/assets/config
  /home/wg-04/Workspace/stack-rails-admin-theme/app/assets/images
  /home/wg-04/Workspace/stack-rails-admin-theme/app/assets/javascripts
  /home/wg-04/Workspace/stack-rails-admin-theme/app/assets/stylesheets
  /home/wg-04/.gem/ruby/2.5.1/gems/coffee-rails-4.2.2/lib/assets/javascripts
  /home/wg-04/.gem/ruby/2.5.1/gems/actioncable-5.2.2/lib/assets/compiled
  /home/wg-04/.gem/ruby/2.5.1/gems/activestorage-5.2.2/app/assets/javascripts
  /home/wg-04/.gem/ruby/2.5.1/gems/actionview-5.2.2/lib/assets/compiled
  /home/wg-04/.gem/ruby/2.5.1/gems/turbolinks-source-5.2.0/lib/assets/javascripts
  /home/wg-04/Workspace/stack-rails-admin-theme/node_modules):
     7:     <meta name="viewport" content="width=device-width, initial-scale=1, shrink-to-fit=no">
     8:     <%= csrf_meta_tags %>
     9: 
    10:     <%= stylesheet_link_tag    'application', media: 'all', 'data-turbolinks-track': 'reload' %>
    11:   </head>
    12: 
    13:   <body class="<%= @body_class || 'layout-default' %>">
  
app/assets/stylesheets/_variables.scss:182
app/assets/stylesheets/application.scss:3
app/views/layouts/application.html.erb:10:in `_app_views_layouts_application_html_erb__3240393028671941434_70214072905460'
Started GET "/" for ::1 at 2020-01-15 18:04:02 +0700
Processing by StackController#index as HTML
  Rendering stack/index.html.erb within layouts/application
  Rendered stack/index.html.erb within layouts/application (1.1ms)
Completed 500 Internal Server Error in 174ms (ActiveRecord: 0.0ms)


  
ActionView::Template::Error (File to import not found or unreadable: bootstrap/scss/functions.
Load paths:
  /home/wg-04/.gem/ruby/2.5.1/gems/babel-source-5.8.35/lib
  /home/wg-04/Workspace/stack-rails-admin-theme/app/assets/config
  /home/wg-04/Workspace/stack-rails-admin-theme/app/assets/images
  /home/wg-04/Workspace/stack-rails-admin-theme/app/assets/javascripts
  /home/wg-04/Workspace/stack-rails-admin-theme/app/assets/stylesheets
  /home/wg-04/.gem/ruby/2.5.1/gems/coffee-rails-4.2.2/lib/assets/javascripts
  /home/wg-04/.gem/ruby/2.5.1/gems/actioncable-5.2.2/lib/assets/compiled
  /home/wg-04/.gem/ruby/2.5.1/gems/activestorage-5.2.2/app/assets/javascripts
  /home/wg-04/.gem/ruby/2.5.1/gems/actionview-5.2.2/lib/assets/compiled
  /home/wg-04/.gem/ruby/2.5.1/gems/turbolinks-source-5.2.0/lib/assets/javascripts
  /home/wg-04/Workspace/stack-rails-admin-theme/node_modules):
     7:     <meta name="viewport" content="width=device-width, initial-scale=1, shrink-to-fit=no">
     8:     <%= csrf_meta_tags %>
     9: 
    10:     <%= stylesheet_link_tag    'application', media: 'all', 'data-turbolinks-track': 'reload' %>
    11:   </head>
    12: 
    13:   <body class="<%= @body_class || 'layout-default' %>">
  
app/assets/stylesheets/_variables.scss:182
app/assets/stylesheets/application.scss:3
app/views/layouts/application.html.erb:10:in `_app_views_layouts_application_html_erb__3240393028671941434_70214077854440'
Started GET "/" for ::1 at 2020-01-15 18:05:21 +0700
Processing by StackController#index as HTML
  Rendering stack/index.html.erb within layouts/application
  Rendered stack/index.html.erb within layouts/application (1.3ms)
Completed 500 Internal Server Error in 136ms (ActiveRecord: 0.0ms)


  
ActionView::Template::Error (File to import not found or unreadable: bootstrap/scss/functions.
Load paths:
  /home/wg-04/.gem/ruby/2.5.1/gems/babel-source-5.8.35/lib
  /home/wg-04/Workspace/stack-rails-admin-theme/app/assets/config
  /home/wg-04/Workspace/stack-rails-admin-theme/app/assets/images
  /home/wg-04/Workspace/stack-rails-admin-theme/app/assets/javascripts
  /home/wg-04/Workspace/stack-rails-admin-theme/app/assets/stylesheets
  /home/wg-04/.gem/ruby/2.5.1/gems/coffee-rails-4.2.2/lib/assets/javascripts
  /home/wg-04/.gem/ruby/2.5.1/gems/actioncable-5.2.2/lib/assets/compiled
  /home/wg-04/.gem/ruby/2.5.1/gems/activestorage-5.2.2/app/assets/javascripts
  /home/wg-04/.gem/ruby/2.5.1/gems/actionview-5.2.2/lib/assets/compiled
  /home/wg-04/.gem/ruby/2.5.1/gems/turbolinks-source-5.2.0/lib/assets/javascripts
  /home/wg-04/Workspace/stack-rails-admin-theme/node_modules):
     7:     <meta name="viewport" content="width=device-width, initial-scale=1, shrink-to-fit=no">
     8:     <%= csrf_meta_tags %>
     9: 
    10:     <%= stylesheet_link_tag    'application', media: 'all', 'data-turbolinks-track': 'reload' %>
    11:   </head>
    12: 
    13:   <body class="<%= @body_class || 'layout-default' %>">
  
app/assets/stylesheets/_variables.scss:182
app/assets/stylesheets/application.scss:3
app/views/layouts/application.html.erb:10:in `_app_views_layouts_application_html_erb__3240393028671941434_70214074202020'
Started GET "/" for ::1 at 2020-01-15 18:05:27 +0700
Processing by StackController#index as HTML
  Rendering stack/index.html.erb within layouts/application
  Rendered stack/index.html.erb within layouts/application (0.6ms)
Completed 500 Internal Server Error in 87ms (ActiveRecord: 0.0ms)


  
ActionView::Template::Error (File to import not found or unreadable: ../../node_modules/bootstrap/scss/bootstrap.
Load paths:
  /home/wg-04/.gem/ruby/2.5.1/gems/babel-source-5.8.35/lib
  /home/wg-04/Workspace/stack-rails-admin-theme/app/assets/config
  /home/wg-04/Workspace/stack-rails-admin-theme/app/assets/images
  /home/wg-04/Workspace/stack-rails-admin-theme/app/assets/javascripts
  /home/wg-04/Workspace/stack-rails-admin-theme/app/assets/stylesheets
  /home/wg-04/.gem/ruby/2.5.1/gems/coffee-rails-4.2.2/lib/assets/javascripts
  /home/wg-04/.gem/ruby/2.5.1/gems/actioncable-5.2.2/lib/assets/compiled
  /home/wg-04/.gem/ruby/2.5.1/gems/activestorage-5.2.2/app/assets/javascripts
  /home/wg-04/.gem/ruby/2.5.1/gems/actionview-5.2.2/lib/assets/compiled
  /home/wg-04/.gem/ruby/2.5.1/gems/turbolinks-source-5.2.0/lib/assets/javascripts
  /home/wg-04/Workspace/stack-rails-admin-theme/node_modules):
     7:     <meta name="viewport" content="width=device-width, initial-scale=1, shrink-to-fit=no">
     8:     <%= csrf_meta_tags %>
     9: 
    10:     <%= stylesheet_link_tag    'application', media: 'all', 'data-turbolinks-track': 'reload' %>
    11:   </head>
    12: 
    13:   <body class="<%= @body_class || 'layout-default' %>">
  
app/assets/stylesheets/_variables.scss:183
app/assets/stylesheets/application.scss:3
app/views/layouts/application.html.erb:10:in `_app_views_layouts_application_html_erb__3240393028671941434_70214063418020'
Started GET "/" for ::1 at 2020-01-15 18:05:28 +0700
Processing by StackController#index as HTML
  Rendering stack/index.html.erb within layouts/application
  Rendered stack/index.html.erb within layouts/application (0.3ms)
Completed 500 Internal Server Error in 20ms (ActiveRecord: 0.0ms)


  
ActionView::Template::Error (File to import not found or unreadable: ../../node_modules/bootstrap/scss/bootstrap.
Load paths:
  /home/wg-04/.gem/ruby/2.5.1/gems/babel-source-5.8.35/lib
  /home/wg-04/Workspace/stack-rails-admin-theme/app/assets/config
  /home/wg-04/Workspace/stack-rails-admin-theme/app/assets/images
  /home/wg-04/Workspace/stack-rails-admin-theme/app/assets/javascripts
  /home/wg-04/Workspace/stack-rails-admin-theme/app/assets/stylesheets
  /home/wg-04/.gem/ruby/2.5.1/gems/coffee-rails-4.2.2/lib/assets/javascripts
  /home/wg-04/.gem/ruby/2.5.1/gems/actioncable-5.2.2/lib/assets/compiled
  /home/wg-04/.gem/ruby/2.5.1/gems/activestorage-5.2.2/app/assets/javascripts
  /home/wg-04/.gem/ruby/2.5.1/gems/actionview-5.2.2/lib/assets/compiled
  /home/wg-04/.gem/ruby/2.5.1/gems/turbolinks-source-5.2.0/lib/assets/javascripts
  /home/wg-04/Workspace/stack-rails-admin-theme/node_modules):
     7:     <meta name="viewport" content="width=device-width, initial-scale=1, shrink-to-fit=no">
     8:     <%= csrf_meta_tags %>
     9: 
    10:     <%= stylesheet_link_tag    'application', media: 'all', 'data-turbolinks-track': 'reload' %>
    11:   </head>
    12: 
    13:   <body class="<%= @body_class || 'layout-default' %>">
  
app/assets/stylesheets/_variables.scss:183
app/assets/stylesheets/application.scss:3
app/views/layouts/application.html.erb:10:in `_app_views_layouts_application_html_erb__3240393028671941434_70214087852340'
Started GET "/" for ::1 at 2020-01-15 18:05:31 +0700
Processing by StackController#index as HTML
  Rendering stack/index.html.erb within layouts/application
  Rendered stack/index.html.erb within layouts/application (0.7ms)
Completed 500 Internal Server Error in 74ms (ActiveRecord: 0.0ms)


  
ActionView::Template::Error (File to import not found or unreadable: bootstrap/scss/functions.
Load paths:
  /home/wg-04/.gem/ruby/2.5.1/gems/babel-source-5.8.35/lib
  /home/wg-04/Workspace/stack-rails-admin-theme/app/assets/config
  /home/wg-04/Workspace/stack-rails-admin-theme/app/assets/images
  /home/wg-04/Workspace/stack-rails-admin-theme/app/assets/javascripts
  /home/wg-04/Workspace/stack-rails-admin-theme/app/assets/stylesheets
  /home/wg-04/.gem/ruby/2.5.1/gems/coffee-rails-4.2.2/lib/assets/javascripts
  /home/wg-04/.gem/ruby/2.5.1/gems/actioncable-5.2.2/lib/assets/compiled
  /home/wg-04/.gem/ruby/2.5.1/gems/activestorage-5.2.2/app/assets/javascripts
  /home/wg-04/.gem/ruby/2.5.1/gems/actionview-5.2.2/lib/assets/compiled
  /home/wg-04/.gem/ruby/2.5.1/gems/turbolinks-source-5.2.0/lib/assets/javascripts
  /home/wg-04/Workspace/stack-rails-admin-theme/node_modules):
     7:     <meta name="viewport" content="width=device-width, initial-scale=1, shrink-to-fit=no">
     8:     <%= csrf_meta_tags %>
     9: 
    10:     <%= stylesheet_link_tag    'application', media: 'all', 'data-turbolinks-track': 'reload' %>
    11:   </head>
    12: 
    13:   <body class="<%= @body_class || 'layout-default' %>">
  
app/assets/stylesheets/_variables.scss:182
app/assets/stylesheets/application.scss:3
app/views/layouts/application.html.erb:10:in `_app_views_layouts_application_html_erb__3240393028671941434_70214089341300'
Started GET "/" for ::1 at 2020-01-15 18:09:45 +0700
Processing by StackController#index as HTML
  Rendering stack/index.html.erb within layouts/application
  Rendered stack/index.html.erb within layouts/application (1.1ms)
Completed 500 Internal Server Error in 136ms (ActiveRecord: 0.0ms)


  
ActionView::Template::Error (File to import not found or unreadable: ~bootstrap/scss/bootstrap.
Load paths:
  /home/wg-04/.gem/ruby/2.5.1/gems/babel-source-5.8.35/lib
  /home/wg-04/Workspace/stack-rails-admin-theme/app/assets/config
  /home/wg-04/Workspace/stack-rails-admin-theme/app/assets/images
  /home/wg-04/Workspace/stack-rails-admin-theme/app/assets/javascripts
  /home/wg-04/Workspace/stack-rails-admin-theme/app/assets/stylesheets
  /home/wg-04/.gem/ruby/2.5.1/gems/coffee-rails-4.2.2/lib/assets/javascripts
  /home/wg-04/.gem/ruby/2.5.1/gems/actioncable-5.2.2/lib/assets/compiled
  /home/wg-04/.gem/ruby/2.5.1/gems/activestorage-5.2.2/app/assets/javascripts
  /home/wg-04/.gem/ruby/2.5.1/gems/actionview-5.2.2/lib/assets/compiled
  /home/wg-04/.gem/ruby/2.5.1/gems/turbolinks-source-5.2.0/lib/assets/javascripts
  /home/wg-04/Workspace/stack-rails-admin-theme/node_modules):
     7:     <meta name="viewport" content="width=device-width, initial-scale=1, shrink-to-fit=no">
     8:     <%= csrf_meta_tags %>
     9: 
    10:     <%= stylesheet_link_tag    'application', media: 'all', 'data-turbolinks-track': 'reload' %>
    11:   </head>
    12: 
    13:   <body class="<%= @body_class || 'layout-default' %>">
  
app/assets/stylesheets/_variables.scss:182
app/assets/stylesheets/application.scss:3
app/views/layouts/application.html.erb:10:in `_app_views_layouts_application_html_erb__3240393028671941434_70214086632240'
Started GET "/" for ::1 at 2020-01-15 18:11:13 +0700
Processing by StackController#index as HTML
  Rendering stack/index.html.erb within layouts/application
  Rendered stack/index.html.erb within layouts/application (0.3ms)
Completed 500 Internal Server Error in 78ms (ActiveRecord: 0.0ms)


  
ActionView::Template::Error (File to import not found or unreadable: node_modules/bootstrap/scss/bootstrap.
Load paths:
  /home/wg-04/.gem/ruby/2.5.1/gems/babel-source-5.8.35/lib
  /home/wg-04/Workspace/stack-rails-admin-theme/app/assets/config
  /home/wg-04/Workspace/stack-rails-admin-theme/app/assets/images
  /home/wg-04/Workspace/stack-rails-admin-theme/app/assets/javascripts
  /home/wg-04/Workspace/stack-rails-admin-theme/app/assets/stylesheets
  /home/wg-04/.gem/ruby/2.5.1/gems/coffee-rails-4.2.2/lib/assets/javascripts
  /home/wg-04/.gem/ruby/2.5.1/gems/actioncable-5.2.2/lib/assets/compiled
  /home/wg-04/.gem/ruby/2.5.1/gems/activestorage-5.2.2/app/assets/javascripts
  /home/wg-04/.gem/ruby/2.5.1/gems/actionview-5.2.2/lib/assets/compiled
  /home/wg-04/.gem/ruby/2.5.1/gems/turbolinks-source-5.2.0/lib/assets/javascripts
  /home/wg-04/Workspace/stack-rails-admin-theme/node_modules):
     7:     <meta name="viewport" content="width=device-width, initial-scale=1, shrink-to-fit=no">
     8:     <%= csrf_meta_tags %>
     9: 
    10:     <%= stylesheet_link_tag    'application', media: 'all', 'data-turbolinks-track': 'reload' %>
    11:   </head>
    12: 
    13:   <body class="<%= @body_class || 'layout-default' %>">
  
app/assets/stylesheets/_variables.scss:182
app/assets/stylesheets/application.scss:3
app/views/layouts/application.html.erb:10:in `_app_views_layouts_application_html_erb__3240393028671941434_70214083242200'
Started GET "/" for ::1 at 2020-01-15 18:11:14 +0700
Processing by StackController#index as HTML
  Rendering stack/index.html.erb within layouts/application
  Rendered stack/index.html.erb within layouts/application (0.4ms)
Completed 500 Internal Server Error in 22ms (ActiveRecord: 0.0ms)


  
ActionView::Template::Error (File to import not found or unreadable: node_modules/bootstrap/scss/bootstrap.
Load paths:
  /home/wg-04/.gem/ruby/2.5.1/gems/babel-source-5.8.35/lib
  /home/wg-04/Workspace/stack-rails-admin-theme/app/assets/config
  /home/wg-04/Workspace/stack-rails-admin-theme/app/assets/images
  /home/wg-04/Workspace/stack-rails-admin-theme/app/assets/javascripts
  /home/wg-04/Workspace/stack-rails-admin-theme/app/assets/stylesheets
  /home/wg-04/.gem/ruby/2.5.1/gems/coffee-rails-4.2.2/lib/assets/javascripts
  /home/wg-04/.gem/ruby/2.5.1/gems/actioncable-5.2.2/lib/assets/compiled
  /home/wg-04/.gem/ruby/2.5.1/gems/activestorage-5.2.2/app/assets/javascripts
  /home/wg-04/.gem/ruby/2.5.1/gems/actionview-5.2.2/lib/assets/compiled
  /home/wg-04/.gem/ruby/2.5.1/gems/turbolinks-source-5.2.0/lib/assets/javascripts
  /home/wg-04/Workspace/stack-rails-admin-theme/node_modules):
     7:     <meta name="viewport" content="width=device-width, initial-scale=1, shrink-to-fit=no">
     8:     <%= csrf_meta_tags %>
     9: 
    10:     <%= stylesheet_link_tag    'application', media: 'all', 'data-turbolinks-track': 'reload' %>
    11:   </head>
    12: 
    13:   <body class="<%= @body_class || 'layout-default' %>">
  
app/assets/stylesheets/_variables.scss:182
app/assets/stylesheets/application.scss:3
app/views/layouts/application.html.erb:10:in `_app_views_layouts_application_html_erb__3240393028671941434_70214080216140'
Started GET "/" for ::1 at 2020-01-15 18:11:16 +0700
Processing by StackController#index as HTML
  Rendering stack/index.html.erb within layouts/application
  Rendered stack/index.html.erb within layouts/application (0.9ms)
Completed 500 Internal Server Error in 58ms (ActiveRecord: 0.0ms)


  
ActionView::Template::Error (File to import not found or unreadable: node_modules/bootstrap/scss/bootstrap.
Load paths:
  /home/wg-04/.gem/ruby/2.5.1/gems/babel-source-5.8.35/lib
  /home/wg-04/Workspace/stack-rails-admin-theme/app/assets/config
  /home/wg-04/Workspace/stack-rails-admin-theme/app/assets/images
  /home/wg-04/Workspace/stack-rails-admin-theme/app/assets/javascripts
  /home/wg-04/Workspace/stack-rails-admin-theme/app/assets/stylesheets
  /home/wg-04/.gem/ruby/2.5.1/gems/coffee-rails-4.2.2/lib/assets/javascripts
  /home/wg-04/.gem/ruby/2.5.1/gems/actioncable-5.2.2/lib/assets/compiled
  /home/wg-04/.gem/ruby/2.5.1/gems/activestorage-5.2.2/app/assets/javascripts
  /home/wg-04/.gem/ruby/2.5.1/gems/actionview-5.2.2/lib/assets/compiled
  /home/wg-04/.gem/ruby/2.5.1/gems/turbolinks-source-5.2.0/lib/assets/javascripts
  /home/wg-04/Workspace/stack-rails-admin-theme/node_modules):
     7:     <meta name="viewport" content="width=device-width, initial-scale=1, shrink-to-fit=no">
     8:     <%= csrf_meta_tags %>
     9: 
    10:     <%= stylesheet_link_tag    'application', media: 'all', 'data-turbolinks-track': 'reload' %>
    11:   </head>
    12: 
    13:   <body class="<%= @body_class || 'layout-default' %>">
  
app/assets/stylesheets/_variables.scss:182
app/assets/stylesheets/application.scss:3
app/views/layouts/application.html.erb:10:in `_app_views_layouts_application_html_erb__3240393028671941434_70214080581000'
Started GET "/" for ::1 at 2020-01-15 18:11:17 +0700
Processing by StackController#index as HTML
  Rendering stack/index.html.erb within layouts/application
  Rendered stack/index.html.erb within layouts/application (0.4ms)
Completed 500 Internal Server Error in 28ms (ActiveRecord: 0.0ms)


  
ActionView::Template::Error (File to import not found or unreadable: node_modules/bootstrap/scss/bootstrap.
Load paths:
  /home/wg-04/.gem/ruby/2.5.1/gems/babel-source-5.8.35/lib
  /home/wg-04/Workspace/stack-rails-admin-theme/app/assets/config
  /home/wg-04/Workspace/stack-rails-admin-theme/app/assets/images
  /home/wg-04/Workspace/stack-rails-admin-theme/app/assets/javascripts
  /home/wg-04/Workspace/stack-rails-admin-theme/app/assets/stylesheets
  /home/wg-04/.gem/ruby/2.5.1/gems/coffee-rails-4.2.2/lib/assets/javascripts
  /home/wg-04/.gem/ruby/2.5.1/gems/actioncable-5.2.2/lib/assets/compiled
  /home/wg-04/.gem/ruby/2.5.1/gems/activestorage-5.2.2/app/assets/javascripts
  /home/wg-04/.gem/ruby/2.5.1/gems/actionview-5.2.2/lib/assets/compiled
  /home/wg-04/.gem/ruby/2.5.1/gems/turbolinks-source-5.2.0/lib/assets/javascripts
  /home/wg-04/Workspace/stack-rails-admin-theme/node_modules):
     7:     <meta name="viewport" content="width=device-width, initial-scale=1, shrink-to-fit=no">
     8:     <%= csrf_meta_tags %>
     9: 
    10:     <%= stylesheet_link_tag    'application', media: 'all', 'data-turbolinks-track': 'reload' %>
    11:   </head>
    12: 
    13:   <body class="<%= @body_class || 'layout-default' %>">
  
app/assets/stylesheets/_variables.scss:182
app/assets/stylesheets/application.scss:3
app/views/layouts/application.html.erb:10:in `_app_views_layouts_application_html_erb__3240393028671941434_70214083917500'
Started GET "/" for ::1 at 2020-01-15 18:11:17 +0700
Processing by StackController#index as HTML
  Rendering stack/index.html.erb within layouts/application
  Rendered stack/index.html.erb within layouts/application (0.4ms)
Completed 500 Internal Server Error in 24ms (ActiveRecord: 0.0ms)


  
ActionView::Template::Error (File to import not found or unreadable: node_modules/bootstrap/scss/bootstrap.
Load paths:
  /home/wg-04/.gem/ruby/2.5.1/gems/babel-source-5.8.35/lib
  /home/wg-04/Workspace/stack-rails-admin-theme/app/assets/config
  /home/wg-04/Workspace/stack-rails-admin-theme/app/assets/images
  /home/wg-04/Workspace/stack-rails-admin-theme/app/assets/javascripts
  /home/wg-04/Workspace/stack-rails-admin-theme/app/assets/stylesheets
  /home/wg-04/.gem/ruby/2.5.1/gems/coffee-rails-4.2.2/lib/assets/javascripts
  /home/wg-04/.gem/ruby/2.5.1/gems/actioncable-5.2.2/lib/assets/compiled
  /home/wg-04/.gem/ruby/2.5.1/gems/activestorage-5.2.2/app/assets/javascripts
  /home/wg-04/.gem/ruby/2.5.1/gems/actionview-5.2.2/lib/assets/compiled
  /home/wg-04/.gem/ruby/2.5.1/gems/turbolinks-source-5.2.0/lib/assets/javascripts
  /home/wg-04/Workspace/stack-rails-admin-theme/node_modules):
     7:     <meta name="viewport" content="width=device-width, initial-scale=1, shrink-to-fit=no">
     8:     <%= csrf_meta_tags %>
     9: 
    10:     <%= stylesheet_link_tag    'application', media: 'all', 'data-turbolinks-track': 'reload' %>
    11:   </head>
    12: 
    13:   <body class="<%= @body_class || 'layout-default' %>">
  
app/assets/stylesheets/_variables.scss:182
app/assets/stylesheets/application.scss:3
app/views/layouts/application.html.erb:10:in `_app_views_layouts_application_html_erb__3240393028671941434_70214085633260'
Started GET "/" for ::1 at 2020-01-15 18:11:17 +0700
Processing by StackController#index as HTML
  Rendering stack/index.html.erb within layouts/application
  Rendered stack/index.html.erb within layouts/application (0.4ms)
Completed 500 Internal Server Error in 75ms (ActiveRecord: 0.0ms)


  
ActionView::Template::Error (File to import not found or unreadable: node_modules/bootstrap/scss/bootstrap.
Load paths:
  /home/wg-04/.gem/ruby/2.5.1/gems/babel-source-5.8.35/lib
  /home/wg-04/Workspace/stack-rails-admin-theme/app/assets/config
  /home/wg-04/Workspace/stack-rails-admin-theme/app/assets/images
  /home/wg-04/Workspace/stack-rails-admin-theme/app/assets/javascripts
  /home/wg-04/Workspace/stack-rails-admin-theme/app/assets/stylesheets
  /home/wg-04/.gem/ruby/2.5.1/gems/coffee-rails-4.2.2/lib/assets/javascripts
  /home/wg-04/.gem/ruby/2.5.1/gems/actioncable-5.2.2/lib/assets/compiled
  /home/wg-04/.gem/ruby/2.5.1/gems/activestorage-5.2.2/app/assets/javascripts
  /home/wg-04/.gem/ruby/2.5.1/gems/actionview-5.2.2/lib/assets/compiled
  /home/wg-04/.gem/ruby/2.5.1/gems/turbolinks-source-5.2.0/lib/assets/javascripts
  /home/wg-04/Workspace/stack-rails-admin-theme/node_modules):
     7:     <meta name="viewport" content="width=device-width, initial-scale=1, shrink-to-fit=no">
     8:     <%= csrf_meta_tags %>
     9: 
    10:     <%= stylesheet_link_tag    'application', media: 'all', 'data-turbolinks-track': 'reload' %>
    11:   </head>
    12: 
    13:   <body class="<%= @body_class || 'layout-default' %>">
  
app/assets/stylesheets/_variables.scss:182
app/assets/stylesheets/application.scss:3
app/views/layouts/application.html.erb:10:in `_app_views_layouts_application_html_erb__3240393028671941434_70214086297540'
Started GET "/" for ::1 at 2020-01-15 18:11:17 +0700
Processing by StackController#index as HTML
  Rendering stack/index.html.erb within layouts/application
  Rendered stack/index.html.erb within layouts/application (0.4ms)
Completed 500 Internal Server Error in 34ms (ActiveRecord: 0.0ms)


  
ActionView::Template::Error (File to import not found or unreadable: node_modules/bootstrap/scss/bootstrap.
Load paths:
  /home/wg-04/.gem/ruby/2.5.1/gems/babel-source-5.8.35/lib
  /home/wg-04/Workspace/stack-rails-admin-theme/app/assets/config
  /home/wg-04/Workspace/stack-rails-admin-theme/app/assets/images
  /home/wg-04/Workspace/stack-rails-admin-theme/app/assets/javascripts
  /home/wg-04/Workspace/stack-rails-admin-theme/app/assets/stylesheets
  /home/wg-04/.gem/ruby/2.5.1/gems/coffee-rails-4.2.2/lib/assets/javascripts
  /home/wg-04/.gem/ruby/2.5.1/gems/actioncable-5.2.2/lib/assets/compiled
  /home/wg-04/.gem/ruby/2.5.1/gems/activestorage-5.2.2/app/assets/javascripts
  /home/wg-04/.gem/ruby/2.5.1/gems/actionview-5.2.2/lib/assets/compiled
  /home/wg-04/.gem/ruby/2.5.1/gems/turbolinks-source-5.2.0/lib/assets/javascripts
  /home/wg-04/Workspace/stack-rails-admin-theme/node_modules):
     7:     <meta name="viewport" content="width=device-width, initial-scale=1, shrink-to-fit=no">
     8:     <%= csrf_meta_tags %>
     9: 
    10:     <%= stylesheet_link_tag    'application', media: 'all', 'data-turbolinks-track': 'reload' %>
    11:   </head>
    12: 
    13:   <body class="<%= @body_class || 'layout-default' %>">
  
app/assets/stylesheets/_variables.scss:182
app/assets/stylesheets/application.scss:3
app/views/layouts/application.html.erb:10:in `_app_views_layouts_application_html_erb__3240393028671941434_70214087447660'
Started POST "/__web_console/repl_sessions/fe9cb7d1a6ec77fecddcf42e4274ad13/trace" for ::1 at 2020-01-15 18:11:40 +0700
Started GET "/" for ::1 at 2020-01-15 18:12:33 +0700
Processing by StackController#index as HTML
  Rendering stack/index.html.erb within layouts/application
  Rendered stack/index.html.erb within layouts/application (1.0ms)
Completed 500 Internal Server Error in 103ms (ActiveRecord: 0.0ms)


  
ActionView::Template::Error (File to import not found or unreadable: ~bootstrap/scss/bootstrap.
Load paths:
  /home/wg-04/.gem/ruby/2.5.1/gems/babel-source-5.8.35/lib
  /home/wg-04/Workspace/stack-rails-admin-theme/app/assets/config
  /home/wg-04/Workspace/stack-rails-admin-theme/app/assets/images
  /home/wg-04/Workspace/stack-rails-admin-theme/app/assets/javascripts
  /home/wg-04/Workspace/stack-rails-admin-theme/app/assets/stylesheets
  /home/wg-04/.gem/ruby/2.5.1/gems/coffee-rails-4.2.2/lib/assets/javascripts
  /home/wg-04/.gem/ruby/2.5.1/gems/actioncable-5.2.2/lib/assets/compiled
  /home/wg-04/.gem/ruby/2.5.1/gems/activestorage-5.2.2/app/assets/javascripts
  /home/wg-04/.gem/ruby/2.5.1/gems/actionview-5.2.2/lib/assets/compiled
  /home/wg-04/.gem/ruby/2.5.1/gems/turbolinks-source-5.2.0/lib/assets/javascripts
  /home/wg-04/Workspace/stack-rails-admin-theme/node_modules):
     7:     <meta name="viewport" content="width=device-width, initial-scale=1, shrink-to-fit=no">
     8:     <%= csrf_meta_tags %>
     9: 
    10:     <%= stylesheet_link_tag    'application', media: 'all', 'data-turbolinks-track': 'reload' %>
    11:   </head>
    12: 
    13:   <body class="<%= @body_class || 'layout-default' %>">
  
app/assets/stylesheets/_variables.scss:182
app/assets/stylesheets/application.scss:3
app/views/layouts/application.html.erb:10:in `_app_views_layouts_application_html_erb__3240393028671941434_70214062606980'
Started GET "/" for ::1 at 2020-01-15 18:14:22 +0700
Processing by StackController#index as HTML
  Rendering stack/index.html.erb within layouts/application
  Rendered stack/index.html.erb within layouts/application (0.3ms)
Completed 500 Internal Server Error in 74ms (ActiveRecord: 0.0ms)


  
ActionView::Template::Error (File to import not found or unreadable: node_modules/bootstrap/scss/functions.
Load paths:
  /home/wg-04/.gem/ruby/2.5.1/gems/babel-source-5.8.35/lib
  /home/wg-04/Workspace/stack-rails-admin-theme/app/assets/config
  /home/wg-04/Workspace/stack-rails-admin-theme/app/assets/images
  /home/wg-04/Workspace/stack-rails-admin-theme/app/assets/javascripts
  /home/wg-04/Workspace/stack-rails-admin-theme/app/assets/stylesheets
  /home/wg-04/.gem/ruby/2.5.1/gems/coffee-rails-4.2.2/lib/assets/javascripts
  /home/wg-04/.gem/ruby/2.5.1/gems/actioncable-5.2.2/lib/assets/compiled
  /home/wg-04/.gem/ruby/2.5.1/gems/activestorage-5.2.2/app/assets/javascripts
  /home/wg-04/.gem/ruby/2.5.1/gems/actionview-5.2.2/lib/assets/compiled
  /home/wg-04/.gem/ruby/2.5.1/gems/turbolinks-source-5.2.0/lib/assets/javascripts
  /home/wg-04/Workspace/stack-rails-admin-theme/node_modules):
     7:     <meta name="viewport" content="width=device-width, initial-scale=1, shrink-to-fit=no">
     8:     <%= csrf_meta_tags %>
     9: 
    10:     <%= stylesheet_link_tag    'application', media: 'all', 'data-turbolinks-track': 'reload' %>
    11:   </head>
    12: 
    13:   <body class="<%= @body_class || 'layout-default' %>">
  
app/assets/stylesheets/_variables.scss:182
app/assets/stylesheets/application.scss:3
app/views/layouts/application.html.erb:10:in `_app_views_layouts_application_html_erb__3240393028671941434_70214083059740'
Started GET "/" for ::1 at 2020-01-15 18:14:23 +0700
Processing by StackController#index as HTML
  Rendering stack/index.html.erb within layouts/application
  Rendered stack/index.html.erb within layouts/application (0.5ms)
Completed 500 Internal Server Error in 24ms (ActiveRecord: 0.0ms)


  
ActionView::Template::Error (File to import not found or unreadable: node_modules/bootstrap/scss/functions.
Load paths:
  /home/wg-04/.gem/ruby/2.5.1/gems/babel-source-5.8.35/lib
  /home/wg-04/Workspace/stack-rails-admin-theme/app/assets/config
  /home/wg-04/Workspace/stack-rails-admin-theme/app/assets/images
  /home/wg-04/Workspace/stack-rails-admin-theme/app/assets/javascripts
  /home/wg-04/Workspace/stack-rails-admin-theme/app/assets/stylesheets
  /home/wg-04/.gem/ruby/2.5.1/gems/coffee-rails-4.2.2/lib/assets/javascripts
  /home/wg-04/.gem/ruby/2.5.1/gems/actioncable-5.2.2/lib/assets/compiled
  /home/wg-04/.gem/ruby/2.5.1/gems/activestorage-5.2.2/app/assets/javascripts
  /home/wg-04/.gem/ruby/2.5.1/gems/actionview-5.2.2/lib/assets/compiled
  /home/wg-04/.gem/ruby/2.5.1/gems/turbolinks-source-5.2.0/lib/assets/javascripts
  /home/wg-04/Workspace/stack-rails-admin-theme/node_modules):
     7:     <meta name="viewport" content="width=device-width, initial-scale=1, shrink-to-fit=no">
     8:     <%= csrf_meta_tags %>
     9: 
    10:     <%= stylesheet_link_tag    'application', media: 'all', 'data-turbolinks-track': 'reload' %>
    11:   </head>
    12: 
    13:   <body class="<%= @body_class || 'layout-default' %>">
  
app/assets/stylesheets/_variables.scss:182
app/assets/stylesheets/application.scss:3
app/views/layouts/application.html.erb:10:in `_app_views_layouts_application_html_erb__3240393028671941434_70214072413700'
Started GET "/" for ::1 at 2020-01-15 18:15:15 +0700
Processing by StackController#index as HTML
  Rendering stack/index.html.erb within layouts/application
  Rendered stack/index.html.erb within layouts/application (1.0ms)
Completed 500 Internal Server Error in 149ms (ActiveRecord: 0.0ms)


  
ActionView::Template::Error (File to import not found or unreadable: bootstrap/scss/variables.
Load paths:
  /home/wg-04/.gem/ruby/2.5.1/gems/babel-source-5.8.35/lib
  /home/wg-04/Workspace/stack-rails-admin-theme/app/assets/config
  /home/wg-04/Workspace/stack-rails-admin-theme/app/assets/images
  /home/wg-04/Workspace/stack-rails-admin-theme/app/assets/javascripts
  /home/wg-04/Workspace/stack-rails-admin-theme/app/assets/stylesheets
  /home/wg-04/.gem/ruby/2.5.1/gems/coffee-rails-4.2.2/lib/assets/javascripts
  /home/wg-04/.gem/ruby/2.5.1/gems/actioncable-5.2.2/lib/assets/compiled
  /home/wg-04/.gem/ruby/2.5.1/gems/activestorage-5.2.2/app/assets/javascripts
  /home/wg-04/.gem/ruby/2.5.1/gems/actionview-5.2.2/lib/assets/compiled
  /home/wg-04/.gem/ruby/2.5.1/gems/turbolinks-source-5.2.0/lib/assets/javascripts
  /home/wg-04/Workspace/stack-rails-admin-theme/node_modules):
     7:     <meta name="viewport" content="width=device-width, initial-scale=1, shrink-to-fit=no">
     8:     <%= csrf_meta_tags %>
     9: 
    10:     <%= stylesheet_link_tag    'application', media: 'all', 'data-turbolinks-track': 'reload' %>
    11:   </head>
    12: 
    13:   <body class="<%= @body_class || 'layout-default' %>">
  
app/assets/stylesheets/_variables.scss:182
app/assets/stylesheets/application.scss:3
app/views/layouts/application.html.erb:10:in `_app_views_layouts_application_html_erb__3240393028671941434_70214088147380'
Started GET "/" for ::1 at 2020-01-15 18:15:16 +0700
Processing by StackController#index as HTML
  Rendering stack/index.html.erb within layouts/application
  Rendered stack/index.html.erb within layouts/application (1.0ms)
Completed 500 Internal Server Error in 73ms (ActiveRecord: 0.0ms)


  
ActionView::Template::Error (File to import not found or unreadable: bootstrap/scss/variables.
Load paths:
  /home/wg-04/.gem/ruby/2.5.1/gems/babel-source-5.8.35/lib
  /home/wg-04/Workspace/stack-rails-admin-theme/app/assets/config
  /home/wg-04/Workspace/stack-rails-admin-theme/app/assets/images
  /home/wg-04/Workspace/stack-rails-admin-theme/app/assets/javascripts
  /home/wg-04/Workspace/stack-rails-admin-theme/app/assets/stylesheets
  /home/wg-04/.gem/ruby/2.5.1/gems/coffee-rails-4.2.2/lib/assets/javascripts
  /home/wg-04/.gem/ruby/2.5.1/gems/actioncable-5.2.2/lib/assets/compiled
  /home/wg-04/.gem/ruby/2.5.1/gems/activestorage-5.2.2/app/assets/javascripts
  /home/wg-04/.gem/ruby/2.5.1/gems/actionview-5.2.2/lib/assets/compiled
  /home/wg-04/.gem/ruby/2.5.1/gems/turbolinks-source-5.2.0/lib/assets/javascripts
  /home/wg-04/Workspace/stack-rails-admin-theme/node_modules):
     7:     <meta name="viewport" content="width=device-width, initial-scale=1, shrink-to-fit=no">
     8:     <%= csrf_meta_tags %>
     9: 
    10:     <%= stylesheet_link_tag    'application', media: 'all', 'data-turbolinks-track': 'reload' %>
    11:   </head>
    12: 
    13:   <body class="<%= @body_class || 'layout-default' %>">
  
app/assets/stylesheets/_variables.scss:182
app/assets/stylesheets/application.scss:3
app/views/layouts/application.html.erb:10:in `_app_views_layouts_application_html_erb__3240393028671941434_70214080994320'
Started GET "/" for ::1 at 2020-01-15 18:15:55 +0700
Processing by StackController#index as HTML
  Rendering stack/index.html.erb within layouts/application
  Rendered stack/index.html.erb within layouts/application (0.4ms)
Completed 500 Internal Server Error in 92ms (ActiveRecord: 0.0ms)


  
ActionView::Template::Error (File to import not found or unreadable: bootstrap/scss/bootstrap.
Load paths:
  /home/wg-04/.gem/ruby/2.5.1/gems/babel-source-5.8.35/lib
  /home/wg-04/Workspace/stack-rails-admin-theme/app/assets/config
  /home/wg-04/Workspace/stack-rails-admin-theme/app/assets/images
  /home/wg-04/Workspace/stack-rails-admin-theme/app/assets/javascripts
  /home/wg-04/Workspace/stack-rails-admin-theme/app/assets/stylesheets
  /home/wg-04/.gem/ruby/2.5.1/gems/coffee-rails-4.2.2/lib/assets/javascripts
  /home/wg-04/.gem/ruby/2.5.1/gems/actioncable-5.2.2/lib/assets/compiled
  /home/wg-04/.gem/ruby/2.5.1/gems/activestorage-5.2.2/app/assets/javascripts
  /home/wg-04/.gem/ruby/2.5.1/gems/actionview-5.2.2/lib/assets/compiled
  /home/wg-04/.gem/ruby/2.5.1/gems/turbolinks-source-5.2.0/lib/assets/javascripts
  /home/wg-04/Workspace/stack-rails-admin-theme/node_modules):
     7:     <meta name="viewport" content="width=device-width, initial-scale=1, shrink-to-fit=no">
     8:     <%= csrf_meta_tags %>
     9: 
    10:     <%= stylesheet_link_tag    'application', media: 'all', 'data-turbolinks-track': 'reload' %>
    11:   </head>
    12: 
    13:   <body class="<%= @body_class || 'layout-default' %>">
  
app/assets/stylesheets/application.scss:5
app/views/layouts/application.html.erb:10:in `_app_views_layouts_application_html_erb__3240393028671941434_70214071084880'
Started GET "/" for ::1 at 2020-01-15 18:15:57 +0700
Processing by StackController#index as HTML
  Rendering stack/index.html.erb within layouts/application
  Rendered stack/index.html.erb within layouts/application (0.6ms)
Completed 500 Internal Server Error in 25ms (ActiveRecord: 0.0ms)


  
ActionView::Template::Error (File to import not found or unreadable: bootstrap/scss/bootstrap.
Load paths:
  /home/wg-04/.gem/ruby/2.5.1/gems/babel-source-5.8.35/lib
  /home/wg-04/Workspace/stack-rails-admin-theme/app/assets/config
  /home/wg-04/Workspace/stack-rails-admin-theme/app/assets/images
  /home/wg-04/Workspace/stack-rails-admin-theme/app/assets/javascripts
  /home/wg-04/Workspace/stack-rails-admin-theme/app/assets/stylesheets
  /home/wg-04/.gem/ruby/2.5.1/gems/coffee-rails-4.2.2/lib/assets/javascripts
  /home/wg-04/.gem/ruby/2.5.1/gems/actioncable-5.2.2/lib/assets/compiled
  /home/wg-04/.gem/ruby/2.5.1/gems/activestorage-5.2.2/app/assets/javascripts
  /home/wg-04/.gem/ruby/2.5.1/gems/actionview-5.2.2/lib/assets/compiled
  /home/wg-04/.gem/ruby/2.5.1/gems/turbolinks-source-5.2.0/lib/assets/javascripts
  /home/wg-04/Workspace/stack-rails-admin-theme/node_modules):
     7:     <meta name="viewport" content="width=device-width, initial-scale=1, shrink-to-fit=no">
     8:     <%= csrf_meta_tags %>
     9: 
    10:     <%= stylesheet_link_tag    'application', media: 'all', 'data-turbolinks-track': 'reload' %>
    11:   </head>
    12: 
    13:   <body class="<%= @body_class || 'layout-default' %>">
  
app/assets/stylesheets/application.scss:5
app/views/layouts/application.html.erb:10:in `_app_views_layouts_application_html_erb__3240393028671941434_70214085277120'
Started GET "/" for ::1 at 2020-01-15 18:15:57 +0700
Processing by StackController#index as HTML
  Rendering stack/index.html.erb within layouts/application
  Rendered stack/index.html.erb within layouts/application (0.3ms)
Completed 500 Internal Server Error in 23ms (ActiveRecord: 0.0ms)


  
ActionView::Template::Error (File to import not found or unreadable: bootstrap/scss/bootstrap.
Load paths:
  /home/wg-04/.gem/ruby/2.5.1/gems/babel-source-5.8.35/lib
  /home/wg-04/Workspace/stack-rails-admin-theme/app/assets/config
  /home/wg-04/Workspace/stack-rails-admin-theme/app/assets/images
  /home/wg-04/Workspace/stack-rails-admin-theme/app/assets/javascripts
  /home/wg-04/Workspace/stack-rails-admin-theme/app/assets/stylesheets
  /home/wg-04/.gem/ruby/2.5.1/gems/coffee-rails-4.2.2/lib/assets/javascripts
  /home/wg-04/.gem/ruby/2.5.1/gems/actioncable-5.2.2/lib/assets/compiled
  /home/wg-04/.gem/ruby/2.5.1/gems/activestorage-5.2.2/app/assets/javascripts
  /home/wg-04/.gem/ruby/2.5.1/gems/actionview-5.2.2/lib/assets/compiled
  /home/wg-04/.gem/ruby/2.5.1/gems/turbolinks-source-5.2.0/lib/assets/javascripts
  /home/wg-04/Workspace/stack-rails-admin-theme/node_modules):
     7:     <meta name="viewport" content="width=device-width, initial-scale=1, shrink-to-fit=no">
     8:     <%= csrf_meta_tags %>
     9: 
    10:     <%= stylesheet_link_tag    'application', media: 'all', 'data-turbolinks-track': 'reload' %>
    11:   </head>
    12: 
    13:   <body class="<%= @body_class || 'layout-default' %>">
  
app/assets/stylesheets/application.scss:5
app/views/layouts/application.html.erb:10:in `_app_views_layouts_application_html_erb__3240393028671941434_70214083308560'
Started GET "/" for ::1 at 2020-01-15 18:15:58 +0700
Processing by StackController#index as HTML
  Rendering stack/index.html.erb within layouts/application
  Rendered stack/index.html.erb within layouts/application (0.4ms)
Completed 500 Internal Server Error in 16ms (ActiveRecord: 0.0ms)


  
ActionView::Template::Error (File to import not found or unreadable: bootstrap/scss/bootstrap.
Load paths:
  /home/wg-04/.gem/ruby/2.5.1/gems/babel-source-5.8.35/lib
  /home/wg-04/Workspace/stack-rails-admin-theme/app/assets/config
  /home/wg-04/Workspace/stack-rails-admin-theme/app/assets/images
  /home/wg-04/Workspace/stack-rails-admin-theme/app/assets/javascripts
  /home/wg-04/Workspace/stack-rails-admin-theme/app/assets/stylesheets
  /home/wg-04/.gem/ruby/2.5.1/gems/coffee-rails-4.2.2/lib/assets/javascripts
  /home/wg-04/.gem/ruby/2.5.1/gems/actioncable-5.2.2/lib/assets/compiled
  /home/wg-04/.gem/ruby/2.5.1/gems/activestorage-5.2.2/app/assets/javascripts
  /home/wg-04/.gem/ruby/2.5.1/gems/actionview-5.2.2/lib/assets/compiled
  /home/wg-04/.gem/ruby/2.5.1/gems/turbolinks-source-5.2.0/lib/assets/javascripts
  /home/wg-04/Workspace/stack-rails-admin-theme/node_modules):
     7:     <meta name="viewport" content="width=device-width, initial-scale=1, shrink-to-fit=no">
     8:     <%= csrf_meta_tags %>
     9: 
    10:     <%= stylesheet_link_tag    'application', media: 'all', 'data-turbolinks-track': 'reload' %>
    11:   </head>
    12: 
    13:   <body class="<%= @body_class || 'layout-default' %>">
  
app/assets/stylesheets/application.scss:5
app/views/layouts/application.html.erb:10:in `_app_views_layouts_application_html_erb__3240393028671941434_70214081386760'
Started GET "/" for ::1 at 2020-01-15 18:15:59 +0700
Processing by StackController#index as HTML
  Rendering stack/index.html.erb within layouts/application
  Rendered stack/index.html.erb within layouts/application (0.3ms)
Completed 500 Internal Server Error in 18ms (ActiveRecord: 0.0ms)


  
ActionView::Template::Error (File to import not found or unreadable: bootstrap/scss/bootstrap.
Load paths:
  /home/wg-04/.gem/ruby/2.5.1/gems/babel-source-5.8.35/lib
  /home/wg-04/Workspace/stack-rails-admin-theme/app/assets/config
  /home/wg-04/Workspace/stack-rails-admin-theme/app/assets/images
  /home/wg-04/Workspace/stack-rails-admin-theme/app/assets/javascripts
  /home/wg-04/Workspace/stack-rails-admin-theme/app/assets/stylesheets
  /home/wg-04/.gem/ruby/2.5.1/gems/coffee-rails-4.2.2/lib/assets/javascripts
  /home/wg-04/.gem/ruby/2.5.1/gems/actioncable-5.2.2/lib/assets/compiled
  /home/wg-04/.gem/ruby/2.5.1/gems/activestorage-5.2.2/app/assets/javascripts
  /home/wg-04/.gem/ruby/2.5.1/gems/actionview-5.2.2/lib/assets/compiled
  /home/wg-04/.gem/ruby/2.5.1/gems/turbolinks-source-5.2.0/lib/assets/javascripts
  /home/wg-04/Workspace/stack-rails-admin-theme/node_modules):
     7:     <meta name="viewport" content="width=device-width, initial-scale=1, shrink-to-fit=no">
     8:     <%= csrf_meta_tags %>
     9: 
    10:     <%= stylesheet_link_tag    'application', media: 'all', 'data-turbolinks-track': 'reload' %>
    11:   </head>
    12: 
    13:   <body class="<%= @body_class || 'layout-default' %>">
  
app/assets/stylesheets/application.scss:5
app/views/layouts/application.html.erb:10:in `_app_views_layouts_application_html_erb__3240393028671941434_70214077511120'
Started GET "/" for ::1 at 2020-01-15 18:15:59 +0700
Processing by StackController#index as HTML
  Rendering stack/index.html.erb within layouts/application
  Rendered stack/index.html.erb within layouts/application (1.2ms)
Completed 500 Internal Server Error in 32ms (ActiveRecord: 0.0ms)


  
ActionView::Template::Error (File to import not found or unreadable: bootstrap/scss/bootstrap.
Load paths:
  /home/wg-04/.gem/ruby/2.5.1/gems/babel-source-5.8.35/lib
  /home/wg-04/Workspace/stack-rails-admin-theme/app/assets/config
  /home/wg-04/Workspace/stack-rails-admin-theme/app/assets/images
  /home/wg-04/Workspace/stack-rails-admin-theme/app/assets/javascripts
  /home/wg-04/Workspace/stack-rails-admin-theme/app/assets/stylesheets
  /home/wg-04/.gem/ruby/2.5.1/gems/coffee-rails-4.2.2/lib/assets/javascripts
  /home/wg-04/.gem/ruby/2.5.1/gems/actioncable-5.2.2/lib/assets/compiled
  /home/wg-04/.gem/ruby/2.5.1/gems/activestorage-5.2.2/app/assets/javascripts
  /home/wg-04/.gem/ruby/2.5.1/gems/actionview-5.2.2/lib/assets/compiled
  /home/wg-04/.gem/ruby/2.5.1/gems/turbolinks-source-5.2.0/lib/assets/javascripts
  /home/wg-04/Workspace/stack-rails-admin-theme/node_modules):
     7:     <meta name="viewport" content="width=device-width, initial-scale=1, shrink-to-fit=no">
     8:     <%= csrf_meta_tags %>
     9: 
    10:     <%= stylesheet_link_tag    'application', media: 'all', 'data-turbolinks-track': 'reload' %>
    11:   </head>
    12: 
    13:   <body class="<%= @body_class || 'layout-default' %>">
  
app/assets/stylesheets/application.scss:5
app/views/layouts/application.html.erb:10:in `_app_views_layouts_application_html_erb__3240393028671941434_70214072317860'
Started GET "/" for ::1 at 2020-01-15 18:16:00 +0700
Processing by StackController#index as HTML
  Rendering stack/index.html.erb within layouts/application
  Rendered stack/index.html.erb within layouts/application (0.2ms)
Completed 500 Internal Server Error in 14ms (ActiveRecord: 0.0ms)


  
ActionView::Template::Error (File to import not found or unreadable: bootstrap/scss/bootstrap.
Load paths:
  /home/wg-04/.gem/ruby/2.5.1/gems/babel-source-5.8.35/lib
  /home/wg-04/Workspace/stack-rails-admin-theme/app/assets/config
  /home/wg-04/Workspace/stack-rails-admin-theme/app/assets/images
  /home/wg-04/Workspace/stack-rails-admin-theme/app/assets/javascripts
  /home/wg-04/Workspace/stack-rails-admin-theme/app/assets/stylesheets
  /home/wg-04/.gem/ruby/2.5.1/gems/coffee-rails-4.2.2/lib/assets/javascripts
  /home/wg-04/.gem/ruby/2.5.1/gems/actioncable-5.2.2/lib/assets/compiled
  /home/wg-04/.gem/ruby/2.5.1/gems/activestorage-5.2.2/app/assets/javascripts
  /home/wg-04/.gem/ruby/2.5.1/gems/actionview-5.2.2/lib/assets/compiled
  /home/wg-04/.gem/ruby/2.5.1/gems/turbolinks-source-5.2.0/lib/assets/javascripts
  /home/wg-04/Workspace/stack-rails-admin-theme/node_modules):
     7:     <meta name="viewport" content="width=device-width, initial-scale=1, shrink-to-fit=no">
     8:     <%= csrf_meta_tags %>
     9: 
    10:     <%= stylesheet_link_tag    'application', media: 'all', 'data-turbolinks-track': 'reload' %>
    11:   </head>
    12: 
    13:   <body class="<%= @body_class || 'layout-default' %>">
  
app/assets/stylesheets/application.scss:5
app/views/layouts/application.html.erb:10:in `_app_views_layouts_application_html_erb__3240393028671941434_70214088325160'
Started GET "/" for ::1 at 2020-01-15 18:16:00 +0700
Processing by StackController#index as HTML
  Rendering stack/index.html.erb within layouts/application
  Rendered stack/index.html.erb within layouts/application (0.3ms)
Completed 500 Internal Server Error in 19ms (ActiveRecord: 0.0ms)


  
ActionView::Template::Error (File to import not found or unreadable: bootstrap/scss/bootstrap.
Load paths:
  /home/wg-04/.gem/ruby/2.5.1/gems/babel-source-5.8.35/lib
  /home/wg-04/Workspace/stack-rails-admin-theme/app/assets/config
  /home/wg-04/Workspace/stack-rails-admin-theme/app/assets/images
  /home/wg-04/Workspace/stack-rails-admin-theme/app/assets/javascripts
  /home/wg-04/Workspace/stack-rails-admin-theme/app/assets/stylesheets
  /home/wg-04/.gem/ruby/2.5.1/gems/coffee-rails-4.2.2/lib/assets/javascripts
  /home/wg-04/.gem/ruby/2.5.1/gems/actioncable-5.2.2/lib/assets/compiled
  /home/wg-04/.gem/ruby/2.5.1/gems/activestorage-5.2.2/app/assets/javascripts
  /home/wg-04/.gem/ruby/2.5.1/gems/actionview-5.2.2/lib/assets/compiled
  /home/wg-04/.gem/ruby/2.5.1/gems/turbolinks-source-5.2.0/lib/assets/javascripts
  /home/wg-04/Workspace/stack-rails-admin-theme/node_modules):
     7:     <meta name="viewport" content="width=device-width, initial-scale=1, shrink-to-fit=no">
     8:     <%= csrf_meta_tags %>
     9: 
    10:     <%= stylesheet_link_tag    'application', media: 'all', 'data-turbolinks-track': 'reload' %>
    11:   </head>
    12: 
    13:   <body class="<%= @body_class || 'layout-default' %>">
  
app/assets/stylesheets/application.scss:5
app/views/layouts/application.html.erb:10:in `_app_views_layouts_application_html_erb__3240393028671941434_70214086017560'
Started GET "/" for ::1 at 2020-01-15 18:16:01 +0700
Processing by StackController#index as HTML
  Rendering stack/index.html.erb within layouts/application
  Rendered stack/index.html.erb within layouts/application (0.4ms)
Completed 500 Internal Server Error in 19ms (ActiveRecord: 0.0ms)


  
ActionView::Template::Error (File to import not found or unreadable: bootstrap/scss/bootstrap.
Load paths:
  /home/wg-04/.gem/ruby/2.5.1/gems/babel-source-5.8.35/lib
  /home/wg-04/Workspace/stack-rails-admin-theme/app/assets/config
  /home/wg-04/Workspace/stack-rails-admin-theme/app/assets/images
  /home/wg-04/Workspace/stack-rails-admin-theme/app/assets/javascripts
  /home/wg-04/Workspace/stack-rails-admin-theme/app/assets/stylesheets
  /home/wg-04/.gem/ruby/2.5.1/gems/coffee-rails-4.2.2/lib/assets/javascripts
  /home/wg-04/.gem/ruby/2.5.1/gems/actioncable-5.2.2/lib/assets/compiled
  /home/wg-04/.gem/ruby/2.5.1/gems/activestorage-5.2.2/app/assets/javascripts
  /home/wg-04/.gem/ruby/2.5.1/gems/actionview-5.2.2/lib/assets/compiled
  /home/wg-04/.gem/ruby/2.5.1/gems/turbolinks-source-5.2.0/lib/assets/javascripts
  /home/wg-04/Workspace/stack-rails-admin-theme/node_modules):
     7:     <meta name="viewport" content="width=device-width, initial-scale=1, shrink-to-fit=no">
     8:     <%= csrf_meta_tags %>
     9: 
    10:     <%= stylesheet_link_tag    'application', media: 'all', 'data-turbolinks-track': 'reload' %>
    11:   </head>
    12: 
    13:   <body class="<%= @body_class || 'layout-default' %>">
  
app/assets/stylesheets/application.scss:5
app/views/layouts/application.html.erb:10:in `_app_views_layouts_application_html_erb__3240393028671941434_70214082121100'
Started GET "/" for ::1 at 2020-01-15 18:16:01 +0700
Processing by StackController#index as HTML
  Rendering stack/index.html.erb within layouts/application
  Rendered stack/index.html.erb within layouts/application (0.9ms)
Completed 500 Internal Server Error in 28ms (ActiveRecord: 0.0ms)


  
ActionView::Template::Error (File to import not found or unreadable: bootstrap/scss/bootstrap.
Load paths:
  /home/wg-04/.gem/ruby/2.5.1/gems/babel-source-5.8.35/lib
  /home/wg-04/Workspace/stack-rails-admin-theme/app/assets/config
  /home/wg-04/Workspace/stack-rails-admin-theme/app/assets/images
  /home/wg-04/Workspace/stack-rails-admin-theme/app/assets/javascripts
  /home/wg-04/Workspace/stack-rails-admin-theme/app/assets/stylesheets
  /home/wg-04/.gem/ruby/2.5.1/gems/coffee-rails-4.2.2/lib/assets/javascripts
  /home/wg-04/.gem/ruby/2.5.1/gems/actioncable-5.2.2/lib/assets/compiled
  /home/wg-04/.gem/ruby/2.5.1/gems/activestorage-5.2.2/app/assets/javascripts
  /home/wg-04/.gem/ruby/2.5.1/gems/actionview-5.2.2/lib/assets/compiled
  /home/wg-04/.gem/ruby/2.5.1/gems/turbolinks-source-5.2.0/lib/assets/javascripts
  /home/wg-04/Workspace/stack-rails-admin-theme/node_modules):
     7:     <meta name="viewport" content="width=device-width, initial-scale=1, shrink-to-fit=no">
     8:     <%= csrf_meta_tags %>
     9: 
    10:     <%= stylesheet_link_tag    'application', media: 'all', 'data-turbolinks-track': 'reload' %>
    11:   </head>
    12: 
    13:   <body class="<%= @body_class || 'layout-default' %>">
  
app/assets/stylesheets/application.scss:5
app/views/layouts/application.html.erb:10:in `_app_views_layouts_application_html_erb__3240393028671941434_70214076357760'
Started GET "/" for ::1 at 2020-01-15 18:16:01 +0700
Processing by StackController#index as HTML
  Rendering stack/index.html.erb within layouts/application
  Rendered stack/index.html.erb within layouts/application (0.3ms)
Completed 500 Internal Server Error in 33ms (ActiveRecord: 0.0ms)


  
ActionView::Template::Error (File to import not found or unreadable: bootstrap/scss/bootstrap.
Load paths:
  /home/wg-04/.gem/ruby/2.5.1/gems/babel-source-5.8.35/lib
  /home/wg-04/Workspace/stack-rails-admin-theme/app/assets/config
  /home/wg-04/Workspace/stack-rails-admin-theme/app/assets/images
  /home/wg-04/Workspace/stack-rails-admin-theme/app/assets/javascripts
  /home/wg-04/Workspace/stack-rails-admin-theme/app/assets/stylesheets
  /home/wg-04/.gem/ruby/2.5.1/gems/coffee-rails-4.2.2/lib/assets/javascripts
  /home/wg-04/.gem/ruby/2.5.1/gems/actioncable-5.2.2/lib/assets/compiled
  /home/wg-04/.gem/ruby/2.5.1/gems/activestorage-5.2.2/app/assets/javascripts
  /home/wg-04/.gem/ruby/2.5.1/gems/actionview-5.2.2/lib/assets/compiled
  /home/wg-04/.gem/ruby/2.5.1/gems/turbolinks-source-5.2.0/lib/assets/javascripts
  /home/wg-04/Workspace/stack-rails-admin-theme/node_modules):
     7:     <meta name="viewport" content="width=device-width, initial-scale=1, shrink-to-fit=no">
     8:     <%= csrf_meta_tags %>
     9: 
    10:     <%= stylesheet_link_tag    'application', media: 'all', 'data-turbolinks-track': 'reload' %>
    11:   </head>
    12: 
    13:   <body class="<%= @body_class || 'layout-default' %>">
  
app/assets/stylesheets/application.scss:5
app/views/layouts/application.html.erb:10:in `_app_views_layouts_application_html_erb__3240393028671941434_70214025820160'
Started GET "/" for ::1 at 2020-01-15 18:16:02 +0700
Processing by StackController#index as HTML
  Rendering stack/index.html.erb within layouts/application
  Rendered stack/index.html.erb within layouts/application (0.4ms)
Completed 500 Internal Server Error in 31ms (ActiveRecord: 0.0ms)


  
ActionView::Template::Error (File to import not found or unreadable: bootstrap/scss/bootstrap.
Load paths:
  /home/wg-04/.gem/ruby/2.5.1/gems/babel-source-5.8.35/lib
  /home/wg-04/Workspace/stack-rails-admin-theme/app/assets/config
  /home/wg-04/Workspace/stack-rails-admin-theme/app/assets/images
  /home/wg-04/Workspace/stack-rails-admin-theme/app/assets/javascripts
  /home/wg-04/Workspace/stack-rails-admin-theme/app/assets/stylesheets
  /home/wg-04/.gem/ruby/2.5.1/gems/coffee-rails-4.2.2/lib/assets/javascripts
  /home/wg-04/.gem/ruby/2.5.1/gems/actioncable-5.2.2/lib/assets/compiled
  /home/wg-04/.gem/ruby/2.5.1/gems/activestorage-5.2.2/app/assets/javascripts
  /home/wg-04/.gem/ruby/2.5.1/gems/actionview-5.2.2/lib/assets/compiled
  /home/wg-04/.gem/ruby/2.5.1/gems/turbolinks-source-5.2.0/lib/assets/javascripts
  /home/wg-04/Workspace/stack-rails-admin-theme/node_modules):
     7:     <meta name="viewport" content="width=device-width, initial-scale=1, shrink-to-fit=no">
     8:     <%= csrf_meta_tags %>
     9: 
    10:     <%= stylesheet_link_tag    'application', media: 'all', 'data-turbolinks-track': 'reload' %>
    11:   </head>
    12: 
    13:   <body class="<%= @body_class || 'layout-default' %>">
  
app/assets/stylesheets/application.scss:5
app/views/layouts/application.html.erb:10:in `_app_views_layouts_application_html_erb__3240393028671941434_70214085502000'
Started GET "/" for ::1 at 2020-01-15 18:16:02 +0700
Processing by StackController#index as HTML
  Rendering stack/index.html.erb within layouts/application
  Rendered stack/index.html.erb within layouts/application (0.3ms)
Completed 500 Internal Server Error in 22ms (ActiveRecord: 0.0ms)


  
ActionView::Template::Error (File to import not found or unreadable: bootstrap/scss/bootstrap.
Load paths:
  /home/wg-04/.gem/ruby/2.5.1/gems/babel-source-5.8.35/lib
  /home/wg-04/Workspace/stack-rails-admin-theme/app/assets/config
  /home/wg-04/Workspace/stack-rails-admin-theme/app/assets/images
  /home/wg-04/Workspace/stack-rails-admin-theme/app/assets/javascripts
  /home/wg-04/Workspace/stack-rails-admin-theme/app/assets/stylesheets
  /home/wg-04/.gem/ruby/2.5.1/gems/coffee-rails-4.2.2/lib/assets/javascripts
  /home/wg-04/.gem/ruby/2.5.1/gems/actioncable-5.2.2/lib/assets/compiled
  /home/wg-04/.gem/ruby/2.5.1/gems/activestorage-5.2.2/app/assets/javascripts
  /home/wg-04/.gem/ruby/2.5.1/gems/actionview-5.2.2/lib/assets/compiled
  /home/wg-04/.gem/ruby/2.5.1/gems/turbolinks-source-5.2.0/lib/assets/javascripts
  /home/wg-04/Workspace/stack-rails-admin-theme/node_modules):
     7:     <meta name="viewport" content="width=device-width, initial-scale=1, shrink-to-fit=no">
     8:     <%= csrf_meta_tags %>
     9: 
    10:     <%= stylesheet_link_tag    'application', media: 'all', 'data-turbolinks-track': 'reload' %>
    11:   </head>
    12: 
    13:   <body class="<%= @body_class || 'layout-default' %>">
  
app/assets/stylesheets/application.scss:5
app/views/layouts/application.html.erb:10:in `_app_views_layouts_application_html_erb__3240393028671941434_70214080144880'
Started GET "/" for ::1 at 2020-01-15 18:16:03 +0700
Processing by StackController#index as HTML
  Rendering stack/index.html.erb within layouts/application
  Rendered stack/index.html.erb within layouts/application (0.5ms)
Completed 500 Internal Server Error in 44ms (ActiveRecord: 0.0ms)


  
ActionView::Template::Error (File to import not found or unreadable: bootstrap/scss/bootstrap.
Load paths:
  /home/wg-04/.gem/ruby/2.5.1/gems/babel-source-5.8.35/lib
  /home/wg-04/Workspace/stack-rails-admin-theme/app/assets/config
  /home/wg-04/Workspace/stack-rails-admin-theme/app/assets/images
  /home/wg-04/Workspace/stack-rails-admin-theme/app/assets/javascripts
  /home/wg-04/Workspace/stack-rails-admin-theme/app/assets/stylesheets
  /home/wg-04/.gem/ruby/2.5.1/gems/coffee-rails-4.2.2/lib/assets/javascripts
  /home/wg-04/.gem/ruby/2.5.1/gems/actioncable-5.2.2/lib/assets/compiled
  /home/wg-04/.gem/ruby/2.5.1/gems/activestorage-5.2.2/app/assets/javascripts
  /home/wg-04/.gem/ruby/2.5.1/gems/actionview-5.2.2/lib/assets/compiled
  /home/wg-04/.gem/ruby/2.5.1/gems/turbolinks-source-5.2.0/lib/assets/javascripts
  /home/wg-04/Workspace/stack-rails-admin-theme/node_modules):
     7:     <meta name="viewport" content="width=device-width, initial-scale=1, shrink-to-fit=no">
     8:     <%= csrf_meta_tags %>
     9: 
    10:     <%= stylesheet_link_tag    'application', media: 'all', 'data-turbolinks-track': 'reload' %>
    11:   </head>
    12: 
    13:   <body class="<%= @body_class || 'layout-default' %>">
  
app/assets/stylesheets/application.scss:5
app/views/layouts/application.html.erb:10:in `_app_views_layouts_application_html_erb__3240393028671941434_70214065538200'
Started GET "/" for ::1 at 2020-01-15 18:16:03 +0700
Processing by StackController#index as HTML
  Rendering stack/index.html.erb within layouts/application
  Rendered stack/index.html.erb within layouts/application (0.4ms)
Completed 500 Internal Server Error in 31ms (ActiveRecord: 0.0ms)


  
ActionView::Template::Error (File to import not found or unreadable: bootstrap/scss/bootstrap.
Load paths:
  /home/wg-04/.gem/ruby/2.5.1/gems/babel-source-5.8.35/lib
  /home/wg-04/Workspace/stack-rails-admin-theme/app/assets/config
  /home/wg-04/Workspace/stack-rails-admin-theme/app/assets/images
  /home/wg-04/Workspace/stack-rails-admin-theme/app/assets/javascripts
  /home/wg-04/Workspace/stack-rails-admin-theme/app/assets/stylesheets
  /home/wg-04/.gem/ruby/2.5.1/gems/coffee-rails-4.2.2/lib/assets/javascripts
  /home/wg-04/.gem/ruby/2.5.1/gems/actioncable-5.2.2/lib/assets/compiled
  /home/wg-04/.gem/ruby/2.5.1/gems/activestorage-5.2.2/app/assets/javascripts
  /home/wg-04/.gem/ruby/2.5.1/gems/actionview-5.2.2/lib/assets/compiled
  /home/wg-04/.gem/ruby/2.5.1/gems/turbolinks-source-5.2.0/lib/assets/javascripts
  /home/wg-04/Workspace/stack-rails-admin-theme/node_modules):
     7:     <meta name="viewport" content="width=device-width, initial-scale=1, shrink-to-fit=no">
     8:     <%= csrf_meta_tags %>
     9: 
    10:     <%= stylesheet_link_tag    'application', media: 'all', 'data-turbolinks-track': 'reload' %>
    11:   </head>
    12: 
    13:   <body class="<%= @body_class || 'layout-default' %>">
  
app/assets/stylesheets/application.scss:5
app/views/layouts/application.html.erb:10:in `_app_views_layouts_application_html_erb__3240393028671941434_70214085364200'
Started GET "/" for ::1 at 2020-01-15 18:16:04 +0700
Processing by StackController#index as HTML
  Rendering stack/index.html.erb within layouts/application
  Rendered stack/index.html.erb within layouts/application (0.3ms)
Completed 500 Internal Server Error in 21ms (ActiveRecord: 0.0ms)


  
ActionView::Template::Error (File to import not found or unreadable: bootstrap/scss/bootstrap.
Load paths:
  /home/wg-04/.gem/ruby/2.5.1/gems/babel-source-5.8.35/lib
  /home/wg-04/Workspace/stack-rails-admin-theme/app/assets/config
  /home/wg-04/Workspace/stack-rails-admin-theme/app/assets/images
  /home/wg-04/Workspace/stack-rails-admin-theme/app/assets/javascripts
  /home/wg-04/Workspace/stack-rails-admin-theme/app/assets/stylesheets
  /home/wg-04/.gem/ruby/2.5.1/gems/coffee-rails-4.2.2/lib/assets/javascripts
  /home/wg-04/.gem/ruby/2.5.1/gems/actioncable-5.2.2/lib/assets/compiled
  /home/wg-04/.gem/ruby/2.5.1/gems/activestorage-5.2.2/app/assets/javascripts
  /home/wg-04/.gem/ruby/2.5.1/gems/actionview-5.2.2/lib/assets/compiled
  /home/wg-04/.gem/ruby/2.5.1/gems/turbolinks-source-5.2.0/lib/assets/javascripts
  /home/wg-04/Workspace/stack-rails-admin-theme/node_modules):
     7:     <meta name="viewport" content="width=device-width, initial-scale=1, shrink-to-fit=no">
     8:     <%= csrf_meta_tags %>
     9: 
    10:     <%= stylesheet_link_tag    'application', media: 'all', 'data-turbolinks-track': 'reload' %>
    11:   </head>
    12: 
    13:   <body class="<%= @body_class || 'layout-default' %>">
  
app/assets/stylesheets/application.scss:5
app/views/layouts/application.html.erb:10:in `_app_views_layouts_application_html_erb__3240393028671941434_70214078173780'
Started GET "/" for ::1 at 2020-01-15 18:16:04 +0700
Processing by StackController#index as HTML
  Rendering stack/index.html.erb within layouts/application
  Rendered stack/index.html.erb within layouts/application (0.2ms)
Completed 500 Internal Server Error in 21ms (ActiveRecord: 0.0ms)


  
ActionView::Template::Error (File to import not found or unreadable: bootstrap/scss/bootstrap.
Load paths:
  /home/wg-04/.gem/ruby/2.5.1/gems/babel-source-5.8.35/lib
  /home/wg-04/Workspace/stack-rails-admin-theme/app/assets/config
  /home/wg-04/Workspace/stack-rails-admin-theme/app/assets/images
  /home/wg-04/Workspace/stack-rails-admin-theme/app/assets/javascripts
  /home/wg-04/Workspace/stack-rails-admin-theme/app/assets/stylesheets
  /home/wg-04/.gem/ruby/2.5.1/gems/coffee-rails-4.2.2/lib/assets/javascripts
  /home/wg-04/.gem/ruby/2.5.1/gems/actioncable-5.2.2/lib/assets/compiled
  /home/wg-04/.gem/ruby/2.5.1/gems/activestorage-5.2.2/app/assets/javascripts
  /home/wg-04/.gem/ruby/2.5.1/gems/actionview-5.2.2/lib/assets/compiled
  /home/wg-04/.gem/ruby/2.5.1/gems/turbolinks-source-5.2.0/lib/assets/javascripts
  /home/wg-04/Workspace/stack-rails-admin-theme/node_modules):
     7:     <meta name="viewport" content="width=device-width, initial-scale=1, shrink-to-fit=no">
     8:     <%= csrf_meta_tags %>
     9: 
    10:     <%= stylesheet_link_tag    'application', media: 'all', 'data-turbolinks-track': 'reload' %>
    11:   </head>
    12: 
    13:   <body class="<%= @body_class || 'layout-default' %>">
  
app/assets/stylesheets/application.scss:5
app/views/layouts/application.html.erb:10:in `_app_views_layouts_application_html_erb__3240393028671941434_70214086985780'
Started GET "/" for ::1 at 2020-01-15 18:16:05 +0700
Processing by StackController#index as HTML
  Rendering stack/index.html.erb within layouts/application
  Rendered stack/index.html.erb within layouts/application (0.4ms)
Completed 500 Internal Server Error in 23ms (ActiveRecord: 0.0ms)


  
ActionView::Template::Error (File to import not found or unreadable: bootstrap/scss/bootstrap.
Load paths:
  /home/wg-04/.gem/ruby/2.5.1/gems/babel-source-5.8.35/lib
  /home/wg-04/Workspace/stack-rails-admin-theme/app/assets/config
  /home/wg-04/Workspace/stack-rails-admin-theme/app/assets/images
  /home/wg-04/Workspace/stack-rails-admin-theme/app/assets/javascripts
  /home/wg-04/Workspace/stack-rails-admin-theme/app/assets/stylesheets
  /home/wg-04/.gem/ruby/2.5.1/gems/coffee-rails-4.2.2/lib/assets/javascripts
  /home/wg-04/.gem/ruby/2.5.1/gems/actioncable-5.2.2/lib/assets/compiled
  /home/wg-04/.gem/ruby/2.5.1/gems/activestorage-5.2.2/app/assets/javascripts
  /home/wg-04/.gem/ruby/2.5.1/gems/actionview-5.2.2/lib/assets/compiled
  /home/wg-04/.gem/ruby/2.5.1/gems/turbolinks-source-5.2.0/lib/assets/javascripts
  /home/wg-04/Workspace/stack-rails-admin-theme/node_modules):
     7:     <meta name="viewport" content="width=device-width, initial-scale=1, shrink-to-fit=no">
     8:     <%= csrf_meta_tags %>
     9: 
    10:     <%= stylesheet_link_tag    'application', media: 'all', 'data-turbolinks-track': 'reload' %>
    11:   </head>
    12: 
    13:   <body class="<%= @body_class || 'layout-default' %>">
  
app/assets/stylesheets/application.scss:5
app/views/layouts/application.html.erb:10:in `_app_views_layouts_application_html_erb__3240393028671941434_70214081733200'
Started GET "/" for ::1 at 2020-01-15 18:16:05 +0700
Processing by StackController#index as HTML
  Rendering stack/index.html.erb within layouts/application
  Rendered stack/index.html.erb within layouts/application (0.9ms)
Completed 500 Internal Server Error in 27ms (ActiveRecord: 0.0ms)


  
ActionView::Template::Error (File to import not found or unreadable: bootstrap/scss/bootstrap.
Load paths:
  /home/wg-04/.gem/ruby/2.5.1/gems/babel-source-5.8.35/lib
  /home/wg-04/Workspace/stack-rails-admin-theme/app/assets/config
  /home/wg-04/Workspace/stack-rails-admin-theme/app/assets/images
  /home/wg-04/Workspace/stack-rails-admin-theme/app/assets/javascripts
  /home/wg-04/Workspace/stack-rails-admin-theme/app/assets/stylesheets
  /home/wg-04/.gem/ruby/2.5.1/gems/coffee-rails-4.2.2/lib/assets/javascripts
  /home/wg-04/.gem/ruby/2.5.1/gems/actioncable-5.2.2/lib/assets/compiled
  /home/wg-04/.gem/ruby/2.5.1/gems/activestorage-5.2.2/app/assets/javascripts
  /home/wg-04/.gem/ruby/2.5.1/gems/actionview-5.2.2/lib/assets/compiled
  /home/wg-04/.gem/ruby/2.5.1/gems/turbolinks-source-5.2.0/lib/assets/javascripts
  /home/wg-04/Workspace/stack-rails-admin-theme/node_modules):
     7:     <meta name="viewport" content="width=device-width, initial-scale=1, shrink-to-fit=no">
     8:     <%= csrf_meta_tags %>
     9: 
    10:     <%= stylesheet_link_tag    'application', media: 'all', 'data-turbolinks-track': 'reload' %>
    11:   </head>
    12: 
    13:   <body class="<%= @body_class || 'layout-default' %>">
  
app/assets/stylesheets/application.scss:5
app/views/layouts/application.html.erb:10:in `_app_views_layouts_application_html_erb__3240393028671941434_70214066156320'
Started GET "/" for ::1 at 2020-01-15 18:18:26 +0700
Processing by StackController#index as HTML
  Rendering stack/index.html.erb within layouts/application
  Rendered stack/index.html.erb within layouts/application (0.3ms)
  Rendered layouts/_navbar.html.erb (0.8ms)
  Rendered layouts/_drawer_left.html.erb (0.6ms)
Completed 200 OK in 3069ms (Views: 3067.0ms | ActiveRecord: 0.0ms)


Started GET "/" for ::1 at 2020-01-15 18:22:17 +0700
Processing by StackController#index as HTML
  Rendering stack/index.html.erb within layouts/application
  Rendered stack/index.html.erb within layouts/application (0.5ms)
  Rendered layouts/_navbar.html.erb (0.8ms)
  Rendered layouts/_drawer_left.html.erb (0.7ms)
Completed 200 OK in 2126ms (Views: 2120.9ms | ActiveRecord: 0.0ms)


Started GET "/ui_buttons" for ::1 at 2020-01-15 18:22:22 +0700
Processing by StackController#show as HTML
  Parameters: {"page"=>"ui_buttons"}
  Rendering stack/ui_buttons.html.erb within layouts/application
  Rendered stack/ui_buttons.html.erb within layouts/application (1.6ms)
  Rendered layouts/_navbar.html.erb (4.4ms)
  Rendered layouts/_drawer_left.html.erb (3.6ms)
Completed 200 OK in 104ms (Views: 102.5ms | ActiveRecord: 0.0ms)


Started GET "/ui_alerts" for ::1 at 2020-01-15 18:22:23 +0700
Processing by StackController#show as HTML
  Parameters: {"page"=>"ui_alerts"}
  Rendering stack/ui_alerts.html.erb within layouts/application
  Rendered stack/ui_alerts.html.erb within layouts/application (1.3ms)
  Rendered layouts/_navbar.html.erb (6.9ms)
  Rendered layouts/_drawer_left.html.erb (3.1ms)
Completed 200 OK in 98ms (Views: 96.2ms | ActiveRecord: 0.0ms)


Started GET "/ui_modals" for ::1 at 2020-01-15 18:22:24 +0700
Processing by StackController#show as HTML
  Parameters: {"page"=>"ui_modals"}
  Rendering stack/ui_modals.html.erb within layouts/application
  Rendered stack/ui_modals.html.erb within layouts/application (8.6ms)
  Rendered layouts/_navbar.html.erb (3.6ms)
  Rendered layouts/_drawer_left.html.erb (1.7ms)
Completed 200 OK in 96ms (Views: 94.4ms | ActiveRecord: 0.0ms)


Started GET "/" for ::1 at 2020-01-15 18:22:25 +0700
Processing by StackController#index as HTML
  Rendering stack/index.html.erb within layouts/application
  Rendered stack/index.html.erb within layouts/application (1.0ms)
  Rendered layouts/_navbar.html.erb (3.2ms)
  Rendered layouts/_drawer_left.html.erb (1.4ms)
Completed 200 OK in 78ms (Views: 74.6ms | ActiveRecord: 0.0ms)


Started GET "/ui_buttons" for ::1 at 2020-01-15 18:22:27 +0700
Processing by StackController#show as HTML
  Parameters: {"page"=>"ui_buttons"}
  Rendering stack/ui_buttons.html.erb within layouts/application
  Rendered stack/ui_buttons.html.erb within layouts/application (2.0ms)
  Rendered layouts/_navbar.html.erb (2.9ms)
  Rendered layouts/_drawer_left.html.erb (2.7ms)
Completed 200 OK in 81ms (Views: 79.3ms | ActiveRecord: 0.0ms)


Started GET "/" for ::1 at 2020-01-15 18:22:28 +0700
Processing by StackController#index as HTML
  Rendering stack/index.html.erb within layouts/application
  Rendered stack/index.html.erb within layouts/application (0.8ms)
  Rendered layouts/_navbar.html.erb (2.5ms)
  Rendered layouts/_drawer_left.html.erb (2.2ms)
Completed 200 OK in 70ms (Views: 67.6ms | ActiveRecord: 0.0ms)


Started GET "/" for ::1 at 2020-01-15 18:22:38 +0700
Processing by StackController#index as HTML
  Rendering stack/index.html.erb within layouts/application
  Rendered stack/index.html.erb within layouts/application (0.8ms)
  Rendered layouts/_navbar.html.erb (2.5ms)
  Rendered layouts/_drawer_left.html.erb (3.0ms)
Completed 200 OK in 74ms (Views: 72.1ms | ActiveRecord: 0.0ms)


Started GET "/" for ::1 at 2020-01-15 18:23:08 +0700
Processing by StackController#index as HTML
  Rendering stack/index.html.erb within layouts/application
  Rendered stack/index.html.erb within layouts/application (0.9ms)
  Rendered layouts/_navbar.html.erb (2.6ms)
  Rendered layouts/_drawer_left.html.erb (2.0ms)
Completed 200 OK in 68ms (Views: 65.3ms | ActiveRecord: 0.0ms)


Started GET "/" for ::1 at 2020-01-15 18:23:29 +0700
Processing by StackController#index as HTML
  Rendering stack/index.html.erb within layouts/application
  Rendered stack/index.html.erb within layouts/application (0.3ms)
  Rendered layouts/_navbar.html.erb (1.0ms)
  Rendered layouts/_drawer_left.html.erb (0.8ms)
Completed 200 OK in 33ms (Views: 32.5ms | ActiveRecord: 0.0ms)


Started GET "/ui_forms" for ::1 at 2020-01-15 18:23:39 +0700
Processing by StackController#show as HTML
  Parameters: {"page"=>"ui_forms"}
  Rendering stack/ui_forms.html.erb within layouts/application
  Rendered stack/ui_forms.html.erb within layouts/application (1.8ms)
  Rendered layouts/_navbar.html.erb (4.2ms)
  Rendered layouts/_drawer_left.html.erb (3.7ms)
Completed 200 OK in 93ms (Views: 91.6ms | ActiveRecord: 0.0ms)


Started GET "/ui_forms" for ::1 at 2020-01-15 18:24:30 +0700
Processing by StackController#show as HTML
  Parameters: {"page"=>"ui_forms"}
  Rendering stack/ui_forms.html.erb within layouts/application
  Rendered stack/ui_forms.html.erb within layouts/application (0.7ms)
  Rendered layouts/_navbar.html.erb (2.4ms)
  Rendered layouts/_drawer_left.html.erb (1.6ms)
Completed 200 OK in 48ms (Views: 47.3ms | ActiveRecord: 0.0ms)


Started GET "/ui_icons" for ::1 at 2020-01-15 18:29:55 +0700
Processing by StackController#show as HTML
  Parameters: {"page"=>"ui_icons"}
  Rendering stack/ui_icons.html.erb within layouts/application
  Rendered stack/ui_icons.html.erb within layouts/application (39.6ms)
  Rendered layouts/_navbar.html.erb (1.4ms)
  Rendered layouts/_drawer_left.html.erb (1.6ms)
Completed 200 OK in 85ms (Views: 84.1ms | ActiveRecord: 0.0ms)


Started GET "/ui_loaders" for ::1 at 2020-01-15 18:30:12 +0700
Processing by StackController#show as HTML
  Parameters: {"page"=>"ui_loaders"}
  Rendering stack/ui_loaders.html.erb within layouts/application
  Rendered stack/ui_loaders.html.erb within layouts/application (1.5ms)
  Rendered layouts/_navbar.html.erb (1.8ms)
  Rendered layouts/_drawer_left.html.erb (2.0ms)
Completed 200 OK in 86ms (Views: 84.8ms | ActiveRecord: 0.0ms)


Started GET "/ui_pagination" for ::1 at 2020-01-15 18:30:14 +0700
Processing by StackController#show as HTML
  Parameters: {"page"=>"ui_pagination"}
  Rendering stack/ui_pagination.html.erb within layouts/application
  Rendered stack/_pagination.html.erb (2.7ms)
  Rendered stack/_pagination.html.erb (3.1ms)
  Rendered stack/_pagination.html.erb (0.2ms)
  Rendered stack/_pagination.html.erb (0.2ms)
  Rendered stack/_pagination.html.erb (0.1ms)
  Rendered stack/_pagination.html.erb (0.1ms)
  Rendered stack/ui_pagination.html.erb within layouts/application (19.2ms)
  Rendered layouts/_navbar.html.erb (2.9ms)
  Rendered layouts/_drawer_left.html.erb (1.4ms)
Completed 200 OK in 92ms (Views: 89.8ms | ActiveRecord: 0.0ms)


Started GET "/ui_loaders" for ::1 at 2020-01-15 18:36:54 +0700
Processing by StackController#show as HTML
  Parameters: {"page"=>"ui_loaders"}
  Rendering stack/ui_loaders.html.erb within layouts/application
  Rendered stack/ui_loaders.html.erb within layouts/application (0.8ms)
  Rendered layouts/_navbar.html.erb (1.9ms)
  Rendered layouts/_drawer_left.html.erb (1.1ms)
Completed 200 OK in 39ms (Views: 38.2ms | ActiveRecord: 0.0ms)


Started GET "/ui_pagination" for ::1 at 2020-01-15 18:36:55 +0700
Processing by StackController#show as HTML
  Parameters: {"page"=>"ui_pagination"}
  Rendering stack/ui_pagination.html.erb within layouts/application
  Rendered stack/_pagination.html.erb (2.8ms)
  Rendered stack/_pagination.html.erb (2.0ms)
  Rendered stack/_pagination.html.erb (0.1ms)
  Rendered stack/_pagination.html.erb (0.2ms)
  Rendered stack/_pagination.html.erb (0.2ms)
  Rendered stack/_pagination.html.erb (0.3ms)
  Rendered stack/ui_pagination.html.erb within layouts/application (15.3ms)
  Rendered layouts/_navbar.html.erb (2.8ms)
  Rendered layouts/_drawer_left.html.erb (2.9ms)
Completed 200 OK in 69ms (Views: 66.9ms | ActiveRecord: 0.0ms)


Started GET "/ui_pagination" for ::1 at 2020-01-15 18:37:33 +0700
Processing by StackController#show as HTML
  Parameters: {"page"=>"ui_pagination"}
  Rendering stack/ui_pagination.html.erb within layouts/application
  Rendered stack/_pagination.html.erb (2.0ms)
  Rendered stack/_pagination.html.erb (3.1ms)
  Rendered stack/_pagination.html.erb (0.2ms)
  Rendered stack/_pagination.html.erb (0.1ms)
  Rendered stack/_pagination.html.erb (0.2ms)
  Rendered stack/_pagination.html.erb (0.1ms)
  Rendered stack/ui_pagination.html.erb within layouts/application (14.2ms)
  Rendered layouts/_navbar.html.erb (1.4ms)
  Rendered layouts/_drawer_left.html.erb (1.2ms)
Completed 200 OK in 72ms (Views: 70.7ms | ActiveRecord: 0.0ms)


Started GET "/" for ::1 at 2020-01-15 18:37:44 +0700
Processing by StackController#index as HTML
  Rendering stack/index.html.erb within layouts/application
  Rendered stack/index.html.erb within layouts/application (1.1ms)
  Rendered layouts/_navbar.html.erb (1.5ms)
  Rendered layouts/_drawer_left.html.erb (1.3ms)
Completed 200 OK in 75ms (Views: 72.5ms | ActiveRecord: 0.0ms)


Started GET "/ui_buttons" for ::1 at 2020-01-15 18:37:47 +0700
Processing by StackController#show as HTML
  Parameters: {"page"=>"ui_buttons"}
  Rendering stack/ui_buttons.html.erb within layouts/application
  Rendered stack/ui_buttons.html.erb within layouts/application (2.3ms)
  Rendered layouts/_navbar.html.erb (6.3ms)
  Rendered layouts/_drawer_left.html.erb (4.8ms)
Completed 200 OK in 118ms (Views: 116.6ms | ActiveRecord: 0.0ms)


Started GET "/" for ::1 at 2020-01-15 18:37:48 +0700
Processing by StackController#index as HTML
  Rendering stack/index.html.erb within layouts/application
  Rendered stack/index.html.erb within layouts/application (1.6ms)
  Rendered layouts/_navbar.html.erb (2.7ms)
  Rendered layouts/_drawer_left.html.erb (2.6ms)
Completed 200 OK in 96ms (Views: 93.5ms | ActiveRecord: 0.0ms)


Started GET "/" for ::1 at 2020-01-15 18:38:40 +0700
Processing by StackController#index as HTML
  Rendering stack/index.html.erb within layouts/application
  Rendered stack/index.html.erb within layouts/application (0.7ms)
  Rendered layouts/_navbar.html.erb (1.9ms)
  Rendered layouts/_drawer_left.html.erb (1.8ms)
Completed 200 OK in 43ms (Views: 41.1ms | ActiveRecord: 0.0ms)


Started GET "/" for ::1 at 2020-01-15 18:38:42 +0700
Processing by StackController#index as HTML
  Rendering stack/index.html.erb within layouts/application
  Rendered stack/index.html.erb within layouts/application (0.3ms)
  Rendered layouts/_navbar.html.erb (1.6ms)
  Rendered layouts/_drawer_left.html.erb (1.3ms)
Completed 200 OK in 34ms (Views: 32.9ms | ActiveRecord: 0.0ms)


Started GET "/" for ::1 at 2020-01-15 18:38:44 +0700
Processing by StackController#index as HTML
  Rendering stack/index.html.erb within layouts/application
  Rendered stack/index.html.erb within layouts/application (0.5ms)
  Rendered layouts/_navbar.html.erb (1.7ms)
  Rendered layouts/_drawer_left.html.erb (0.9ms)
Completed 200 OK in 35ms (Views: 34.2ms | ActiveRecord: 0.0ms)


Started GET "/" for ::1 at 2020-01-15 18:38:44 +0700
Processing by StackController#index as HTML
  Rendering stack/index.html.erb within layouts/application
  Rendered stack/index.html.erb within layouts/application (1.2ms)
  Rendered layouts/_navbar.html.erb (4.6ms)
  Rendered layouts/_drawer_left.html.erb (4.5ms)
Completed 200 OK in 98ms (Views: 95.1ms | ActiveRecord: 0.0ms)


Started GET "/" for ::1 at 2020-01-15 18:38:46 +0700
Processing by StackController#index as HTML
  Rendering stack/index.html.erb within layouts/application
  Rendered stack/index.html.erb within layouts/application (1.3ms)
  Rendered layouts/_navbar.html.erb (3.1ms)
  Rendered layouts/_drawer_left.html.erb (1.6ms)
Completed 200 OK in 81ms (Views: 77.6ms | ActiveRecord: 0.0ms)


Started GET "/ui_alerts" for ::1 at 2020-01-15 18:38:53 +0700
Processing by StackController#show as HTML
  Parameters: {"page"=>"ui_alerts"}
  Rendering stack/ui_alerts.html.erb within layouts/application
  Rendered stack/ui_alerts.html.erb within layouts/application (1.1ms)
  Rendered layouts/_navbar.html.erb (2.5ms)
  Rendered layouts/_drawer_left.html.erb (2.2ms)
Completed 200 OK in 85ms (Views: 83.1ms | ActiveRecord: 0.0ms)


Started GET "/ui_modals" for ::1 at 2020-01-15 18:38:54 +0700
Processing by StackController#show as HTML
  Parameters: {"page"=>"ui_modals"}
  Rendering stack/ui_modals.html.erb within layouts/application
  Rendered stack/ui_modals.html.erb within layouts/application (8.4ms)
  Rendered layouts/_navbar.html.erb (3.3ms)
  Rendered layouts/_drawer_left.html.erb (3.9ms)
Completed 200 OK in 93ms (Views: 91.1ms | ActiveRecord: 0.0ms)


Started GET "/ui_icons" for ::1 at 2020-01-15 18:38:55 +0700
Processing by StackController#show as HTML
  Parameters: {"page"=>"ui_icons"}
  Rendering stack/ui_icons.html.erb within layouts/application
  Rendered stack/ui_icons.html.erb within layouts/application (30.7ms)
  Rendered layouts/_navbar.html.erb (3.0ms)
  Rendered layouts/_drawer_left.html.erb (1.9ms)
Completed 200 OK in 107ms (Views: 105.2ms | ActiveRecord: 0.0ms)


Started GET "/ui_forms" for ::1 at 2020-01-15 18:38:57 +0700
Processing by StackController#show as HTML
  Parameters: {"page"=>"ui_forms"}
  Rendering stack/ui_forms.html.erb within layouts/application
  Rendered stack/ui_forms.html.erb within layouts/application (1.7ms)
  Rendered layouts/_navbar.html.erb (1.6ms)
  Rendered layouts/_drawer_left.html.erb (1.5ms)
Completed 200 OK in 67ms (Views: 65.5ms | ActiveRecord: 0.0ms)


Started GET "/" for ::1 at 2020-01-15 18:39:04 +0700
Processing by StackController#index as HTML
  Rendering stack/index.html.erb within layouts/application
  Rendered stack/index.html.erb within layouts/application (1.5ms)
  Rendered layouts/_navbar.html.erb (5.3ms)
  Rendered layouts/_drawer_left.html.erb (2.1ms)
Completed 200 OK in 103ms (Views: 99.9ms | ActiveRecord: 0.0ms)


Started GET "/" for ::1 at 2020-01-15 18:39:06 +0700
Processing by StackController#index as HTML
  Rendering stack/index.html.erb within layouts/application
  Rendered stack/index.html.erb within layouts/application (0.9ms)
  Rendered layouts/_navbar.html.erb (2.5ms)
  Rendered layouts/_drawer_left.html.erb (13.5ms)
Completed 200 OK in 85ms (Views: 82.3ms | ActiveRecord: 0.0ms)


Started GET "/" for ::1 at 2020-01-15 18:39:06 +0700
Processing by StackController#index as HTML
  Rendering stack/index.html.erb within layouts/application
  Rendered stack/index.html.erb within layouts/application (0.6ms)
  Rendered layouts/_navbar.html.erb (1.3ms)
  Rendered layouts/_drawer_left.html.erb (1.2ms)
Completed 200 OK in 51ms (Views: 47.3ms | ActiveRecord: 0.0ms)


Started GET "/" for ::1 at 2020-01-15 18:39:48 +0700
Processing by StackController#index as HTML
  Rendering stack/index.html.erb within layouts/application
  Rendered stack/index.html.erb within layouts/application (0.5ms)
  Rendered layouts/_navbar.html.erb (2.7ms)
  Rendered layouts/_drawer_left.html.erb (1.9ms)
Completed 200 OK in 44ms (Views: 41.7ms | ActiveRecord: 0.0ms)


Started GET "/ui_modals" for ::1 at 2020-01-15 18:39:50 +0700
Processing by StackController#show as HTML
  Parameters: {"page"=>"ui_modals"}
  Rendering stack/ui_modals.html.erb within layouts/application
  Rendered stack/ui_modals.html.erb within layouts/application (7.2ms)
  Rendered layouts/_navbar.html.erb (2.3ms)
  Rendered layouts/_drawer_left.html.erb (1.4ms)
Completed 200 OK in 78ms (Views: 77.3ms | ActiveRecord: 0.0ms)


Started GET "/ui_modals" for ::1 at 2020-01-15 18:39:52 +0700
Processing by StackController#show as HTML
  Parameters: {"page"=>"ui_modals"}
  Rendering stack/ui_modals.html.erb within layouts/application
  Rendered stack/ui_modals.html.erb within layouts/application (3.0ms)
  Rendered layouts/_navbar.html.erb (1.8ms)
  Rendered layouts/_drawer_left.html.erb (1.0ms)
Completed 200 OK in 40ms (Views: 38.9ms | ActiveRecord: 0.0ms)


Started GET "/ui_modals" for ::1 at 2020-01-15 18:39:53 +0700
Processing by StackController#show as HTML
  Parameters: {"page"=>"ui_modals"}
  Rendering stack/ui_modals.html.erb within layouts/application
  Rendered stack/ui_modals.html.erb within layouts/application (6.4ms)
  Rendered layouts/_navbar.html.erb (2.0ms)
  Rendered layouts/_drawer_left.html.erb (1.3ms)
Completed 200 OK in 70ms (Views: 68.6ms | ActiveRecord: 0.0ms)


Started GET "/ui_modals" for ::1 at 2020-01-15 18:39:54 +0700
Processing by StackController#show as HTML
  Parameters: {"page"=>"ui_modals"}
  Rendering stack/ui_modals.html.erb within layouts/application
  Rendered stack/ui_modals.html.erb within layouts/application (6.6ms)
  Rendered layouts/_navbar.html.erb (5.5ms)
  Rendered layouts/_drawer_left.html.erb (2.8ms)
Completed 200 OK in 91ms (Views: 90.0ms | ActiveRecord: 0.0ms)


Started GET "/ui_modals" for ::1 at 2020-01-15 18:39:55 +0700
Processing by StackController#show as HTML
  Parameters: {"page"=>"ui_modals"}
  Rendering stack/ui_modals.html.erb within layouts/application
  Rendered stack/ui_modals.html.erb within layouts/application (8.2ms)
  Rendered layouts/_navbar.html.erb (2.8ms)
  Rendered layouts/_drawer_left.html.erb (1.7ms)
Completed 200 OK in 71ms (Views: 69.7ms | ActiveRecord: 0.0ms)


Started GET "/ui_modals" for ::1 at 2020-01-15 18:39:56 +0700
Processing by StackController#show as HTML
  Parameters: {"page"=>"ui_modals"}
  Rendering stack/ui_modals.html.erb within layouts/application
  Rendered stack/ui_modals.html.erb within layouts/application (8.0ms)
  Rendered layouts/_navbar.html.erb (1.5ms)
  Rendered layouts/_drawer_left.html.erb (1.1ms)
Completed 200 OK in 63ms (Views: 61.6ms | ActiveRecord: 0.0ms)


Started GET "/ui_modals" for ::1 at 2020-01-15 18:42:26 +0700
Processing by StackController#show as HTML
  Parameters: {"page"=>"ui_modals"}
  Rendering stack/ui_modals.html.erb within layouts/application
  Rendered stack/ui_modals.html.erb within layouts/application (6.5ms)
  Rendered layouts/_navbar.html.erb (2.1ms)
  Rendered layouts/_drawer_left.html.erb (1.6ms)
Completed 200 OK in 72ms (Views: 71.0ms | ActiveRecord: 0.0ms)


Started GET "/ui_alerts" for ::1 at 2020-01-15 18:42:28 +0700
Processing by StackController#show as HTML
  Parameters: {"page"=>"ui_alerts"}
  Rendering stack/ui_alerts.html.erb within layouts/application
  Rendered stack/ui_alerts.html.erb within layouts/application (1.2ms)
  Rendered layouts/_navbar.html.erb (1.6ms)
  Rendered layouts/_drawer_left.html.erb (1.3ms)
Completed 200 OK in 69ms (Views: 68.3ms | ActiveRecord: 0.0ms)


Started GET "/" for ::1 at 2020-01-15 18:42:31 +0700
Processing by StackController#index as HTML
  Rendering stack/index.html.erb within layouts/application
  Rendered stack/index.html.erb within layouts/application (0.9ms)
  Rendered layouts/_navbar.html.erb (1.8ms)
  Rendered layouts/_drawer_left.html.erb (2.5ms)
Completed 200 OK in 77ms (Views: 74.8ms | ActiveRecord: 0.0ms)


Started GET "/ui_alerts" for ::1 at 2020-01-15 18:42:31 +0700
Processing by StackController#show as HTML
  Parameters: {"page"=>"ui_alerts"}
  Rendering stack/ui_alerts.html.erb within layouts/application
  Rendered stack/ui_alerts.html.erb within layouts/application (1.5ms)
  Rendered layouts/_navbar.html.erb (3.9ms)
  Rendered layouts/_drawer_left.html.erb (2.2ms)
Completed 200 OK in 84ms (Views: 82.2ms | ActiveRecord: 0.0ms)


Started GET "/" for ::1 at 2020-01-15 18:44:54 +0700
Processing by StackController#index as HTML
  Rendering stack/index.html.erb within layouts/application
  Rendered stack/index.html.erb within layouts/application (1.3ms)
  Rendered layouts/_navbar.html.erb (1.7ms)
  Rendered layouts/_drawer_left.html.erb (2.0ms)
Completed 200 OK in 83ms (Views: 80.3ms | ActiveRecord: 0.0ms)


Started GET "/" for ::1 at 2020-01-15 18:45:39 +0700
Processing by StackController#index as HTML
  Rendering stack/index.html.erb within layouts/application
  Rendered stack/index.html.erb within layouts/application (1.2ms)
  Rendered layouts/_navbar.html.erb (1.1ms)
  Rendered layouts/_drawer_left.html.erb (0.7ms)
Completed 200 OK in 39ms (Views: 36.8ms | ActiveRecord: 0.0ms)


Started GET "/" for ::1 at 2020-01-15 18:46:51 +0700
Processing by StackController#index as HTML
  Rendering stack/index.html.erb within layouts/application
  Rendered stack/index.html.erb within layouts/application (1.4ms)
  Rendered layouts/_navbar.html.erb (4.0ms)
  Rendered layouts/_drawer_left.html.erb (1.5ms)
Completed 200 OK in 58ms (Views: 55.5ms | ActiveRecord: 0.0ms)


Started GET "/" for ::1 at 2020-01-15 19:03:17 +0700
Processing by StackController#index as HTML
  Rendering stack/index.html.erb within layouts/application
  Rendered stack/index.html.erb within layouts/application (0.4ms)
  Rendered layouts/_navbar.html.erb (1.9ms)
  Rendered layouts/_drawer_left.html.erb (1.3ms)
Completed 200 OK in 35ms (Views: 34.2ms | ActiveRecord: 0.0ms)


Started GET "/" for ::1 at 2020-01-15 19:03:48 +0700
Processing by StackController#index as HTML
  Rendering stack/index.html.erb within layouts/application
  Rendered stack/index.html.erb within layouts/application (0.8ms)
  Rendered layouts/_navbar.html.erb (0.6ms)
  Rendered layouts/_drawer_left.html.erb (1.3ms)
Completed 200 OK in 54ms (Views: 51.4ms | ActiveRecord: 0.0ms)


Started GET "/" for ::1 at 2020-01-15 19:04:08 +0700
Processing by StackController#index as HTML
  Rendering stack/index.html.erb within layouts/application
  Rendered stack/index.html.erb within layouts/application (1.0ms)
  Rendered layouts/_navbar.html.erb (0.6ms)
  Rendered layouts/_drawer_left.html.erb (1.0ms)
Completed 200 OK in 47ms (Views: 44.3ms | ActiveRecord: 0.0ms)


Started GET "/" for ::1 at 2020-01-15 19:05:11 +0700
Processing by StackController#index as HTML
  Rendering stack/index.html.erb within layouts/application
  Rendered stack/index.html.erb within layouts/application (0.4ms)
  Rendered layouts/_navbar.html.erb (0.5ms)
  Rendered layouts/_drawer_left.html.erb (0.8ms)
Completed 200 OK in 492ms (Views: 487.9ms | ActiveRecord: 0.0ms)


